ARM GAS  /tmp/ccIx4hZy.s 			page 1


   1              		.cpu cortex-m0
   2              		.eabi_attribute 20, 1
   3              		.eabi_attribute 21, 1
   4              		.eabi_attribute 23, 3
   5              		.eabi_attribute 24, 1
   6              		.eabi_attribute 25, 1
   7              		.eabi_attribute 26, 1
   8              		.eabi_attribute 30, 1
   9              		.eabi_attribute 34, 0
  10              		.eabi_attribute 18, 4
  11              		.file	"stm32f0xx_hal_msp.c"
  12              		.text
  13              	.Ltext0:
  14              		.cfi_sections	.debug_frame
  15              		.section	.text.HAL_MspInit,"ax",%progbits
  16              		.align	1
  17              		.global	HAL_MspInit
  18              		.arch armv6s-m
  19              		.syntax unified
  20              		.code	16
  21              		.thumb_func
  22              		.fpu softvfp
  24              	HAL_MspInit:
  25              	.LFB37:
  26              		.file 1 "Src/stm32f0xx_hal_msp.c"
   1:Src/stm32f0xx_hal_msp.c **** /* USER CODE BEGIN Header */
   2:Src/stm32f0xx_hal_msp.c **** /**
   3:Src/stm32f0xx_hal_msp.c ****   ******************************************************************************
   4:Src/stm32f0xx_hal_msp.c ****   * File Name          : stm32f0xx_hal_msp.c
   5:Src/stm32f0xx_hal_msp.c ****   * Description        : This file provides code for the MSP Initialization 
   6:Src/stm32f0xx_hal_msp.c ****   *                      and de-Initialization codes.
   7:Src/stm32f0xx_hal_msp.c ****   ******************************************************************************
   8:Src/stm32f0xx_hal_msp.c ****   * @attention
   9:Src/stm32f0xx_hal_msp.c ****   *
  10:Src/stm32f0xx_hal_msp.c ****   * <h2><center>&copy; Copyright (c) 2019 STMicroelectronics.
  11:Src/stm32f0xx_hal_msp.c ****   * All rights reserved.</center></h2>
  12:Src/stm32f0xx_hal_msp.c ****   *
  13:Src/stm32f0xx_hal_msp.c ****   * This software component is licensed by ST under Ultimate Liberty license
  14:Src/stm32f0xx_hal_msp.c ****   * SLA0044, the "License"; You may not use this file except in compliance with
  15:Src/stm32f0xx_hal_msp.c ****   * the License. You may obtain a copy of the License at:
  16:Src/stm32f0xx_hal_msp.c ****   *                             www.st.com/SLA0044
  17:Src/stm32f0xx_hal_msp.c ****   *
  18:Src/stm32f0xx_hal_msp.c ****   ******************************************************************************
  19:Src/stm32f0xx_hal_msp.c ****   */
  20:Src/stm32f0xx_hal_msp.c **** /* USER CODE END Header */
  21:Src/stm32f0xx_hal_msp.c **** 
  22:Src/stm32f0xx_hal_msp.c **** /* Includes ------------------------------------------------------------------*/
  23:Src/stm32f0xx_hal_msp.c **** #include "main.h"
  24:Src/stm32f0xx_hal_msp.c **** /* USER CODE BEGIN Includes */
  25:Src/stm32f0xx_hal_msp.c **** 
  26:Src/stm32f0xx_hal_msp.c **** /* USER CODE END Includes */
  27:Src/stm32f0xx_hal_msp.c **** 
  28:Src/stm32f0xx_hal_msp.c **** /* Private typedef -----------------------------------------------------------*/
  29:Src/stm32f0xx_hal_msp.c **** /* USER CODE BEGIN TD */
  30:Src/stm32f0xx_hal_msp.c **** 
  31:Src/stm32f0xx_hal_msp.c **** /* USER CODE END TD */
  32:Src/stm32f0xx_hal_msp.c **** 
ARM GAS  /tmp/ccIx4hZy.s 			page 2


  33:Src/stm32f0xx_hal_msp.c **** /* Private define ------------------------------------------------------------*/
  34:Src/stm32f0xx_hal_msp.c **** /* USER CODE BEGIN Define */
  35:Src/stm32f0xx_hal_msp.c ****  
  36:Src/stm32f0xx_hal_msp.c **** /* USER CODE END Define */
  37:Src/stm32f0xx_hal_msp.c **** 
  38:Src/stm32f0xx_hal_msp.c **** /* Private macro -------------------------------------------------------------*/
  39:Src/stm32f0xx_hal_msp.c **** /* USER CODE BEGIN Macro */
  40:Src/stm32f0xx_hal_msp.c **** 
  41:Src/stm32f0xx_hal_msp.c **** /* USER CODE END Macro */
  42:Src/stm32f0xx_hal_msp.c **** 
  43:Src/stm32f0xx_hal_msp.c **** /* Private variables ---------------------------------------------------------*/
  44:Src/stm32f0xx_hal_msp.c **** /* USER CODE BEGIN PV */
  45:Src/stm32f0xx_hal_msp.c **** 
  46:Src/stm32f0xx_hal_msp.c **** /* USER CODE END PV */
  47:Src/stm32f0xx_hal_msp.c **** 
  48:Src/stm32f0xx_hal_msp.c **** /* Private function prototypes -----------------------------------------------*/
  49:Src/stm32f0xx_hal_msp.c **** /* USER CODE BEGIN PFP */
  50:Src/stm32f0xx_hal_msp.c **** 
  51:Src/stm32f0xx_hal_msp.c **** /* USER CODE END PFP */
  52:Src/stm32f0xx_hal_msp.c **** 
  53:Src/stm32f0xx_hal_msp.c **** /* External functions --------------------------------------------------------*/
  54:Src/stm32f0xx_hal_msp.c **** /* USER CODE BEGIN ExternalFunctions */
  55:Src/stm32f0xx_hal_msp.c **** 
  56:Src/stm32f0xx_hal_msp.c **** /* USER CODE END ExternalFunctions */
  57:Src/stm32f0xx_hal_msp.c **** 
  58:Src/stm32f0xx_hal_msp.c **** /* USER CODE BEGIN 0 */
  59:Src/stm32f0xx_hal_msp.c **** 
  60:Src/stm32f0xx_hal_msp.c **** /* USER CODE END 0 */
  61:Src/stm32f0xx_hal_msp.c **** /**
  62:Src/stm32f0xx_hal_msp.c ****   * Initializes the Global MSP.
  63:Src/stm32f0xx_hal_msp.c ****   */
  64:Src/stm32f0xx_hal_msp.c **** void HAL_MspInit(void)
  65:Src/stm32f0xx_hal_msp.c **** {
  27              		.loc 1 65 1 view -0
  28              		.cfi_startproc
  29              		@ args = 0, pretend = 0, frame = 8
  30              		@ frame_needed = 0, uses_anonymous_args = 0
  31              		@ link register save eliminated.
  32 0000 82B0     		sub	sp, sp, #8
  33              	.LCFI0:
  34              		.cfi_def_cfa_offset 8
  66:Src/stm32f0xx_hal_msp.c ****   /* USER CODE BEGIN MspInit 0 */
  67:Src/stm32f0xx_hal_msp.c **** 
  68:Src/stm32f0xx_hal_msp.c ****   /* USER CODE END MspInit 0 */
  69:Src/stm32f0xx_hal_msp.c **** 
  70:Src/stm32f0xx_hal_msp.c ****   __HAL_RCC_SYSCFG_CLK_ENABLE();
  35              		.loc 1 70 3 view .LVU1
  36              	.LBB2:
  37              		.loc 1 70 3 view .LVU2
  38              		.loc 1 70 3 view .LVU3
  39 0002 0C4B     		ldr	r3, .L2
  40 0004 9969     		ldr	r1, [r3, #24]
  41 0006 0122     		movs	r2, #1
  42 0008 1143     		orrs	r1, r2
  43 000a 9961     		str	r1, [r3, #24]
  44              		.loc 1 70 3 view .LVU4
  45 000c 9969     		ldr	r1, [r3, #24]
ARM GAS  /tmp/ccIx4hZy.s 			page 3


  46 000e 0A40     		ands	r2, r1
  47 0010 0092     		str	r2, [sp]
  48              		.loc 1 70 3 view .LVU5
  49 0012 009A     		ldr	r2, [sp]
  50              	.LBE2:
  71:Src/stm32f0xx_hal_msp.c ****   __HAL_RCC_PWR_CLK_ENABLE();
  51              		.loc 1 71 3 view .LVU6
  52              	.LBB3:
  53              		.loc 1 71 3 view .LVU7
  54              		.loc 1 71 3 view .LVU8
  55 0014 DA69     		ldr	r2, [r3, #28]
  56 0016 8021     		movs	r1, #128
  57 0018 4905     		lsls	r1, r1, #21
  58 001a 0A43     		orrs	r2, r1
  59 001c DA61     		str	r2, [r3, #28]
  60              		.loc 1 71 3 view .LVU9
  61 001e DB69     		ldr	r3, [r3, #28]
  62 0020 0B40     		ands	r3, r1
  63 0022 0193     		str	r3, [sp, #4]
  64              		.loc 1 71 3 view .LVU10
  65 0024 019B     		ldr	r3, [sp, #4]
  66              	.LBE3:
  72:Src/stm32f0xx_hal_msp.c **** 
  73:Src/stm32f0xx_hal_msp.c ****   /* System interrupt init*/
  74:Src/stm32f0xx_hal_msp.c **** 
  75:Src/stm32f0xx_hal_msp.c ****   __HAL_REMAP_PIN_ENABLE(HAL_REMAP_PA11_PA12);
  67              		.loc 1 75 3 view .LVU11
  68              		.loc 1 75 3 view .LVU12
  69              		.loc 1 75 3 view .LVU13
  70 0026 044A     		ldr	r2, .L2+4
  71 0028 1368     		ldr	r3, [r2]
  72 002a 1021     		movs	r1, #16
  73 002c 0B43     		orrs	r3, r1
  74 002e 1360     		str	r3, [r2]
  76:Src/stm32f0xx_hal_msp.c **** 
  77:Src/stm32f0xx_hal_msp.c ****   /* USER CODE BEGIN MspInit 1 */
  78:Src/stm32f0xx_hal_msp.c **** 
  79:Src/stm32f0xx_hal_msp.c ****   /* USER CODE END MspInit 1 */
  80:Src/stm32f0xx_hal_msp.c **** }
  75              		.loc 1 80 1 is_stmt 0 view .LVU14
  76 0030 02B0     		add	sp, sp, #8
  77              		@ sp needed
  78 0032 7047     		bx	lr
  79              	.L3:
  80              		.align	2
  81              	.L2:
  82 0034 00100240 		.word	1073876992
  83 0038 00000140 		.word	1073807360
  84              		.cfi_endproc
  85              	.LFE37:
  87              		.text
  88              	.Letext0:
  89              		.file 2 "/usr/arm-none-eabi/include/machine/_default_types.h"
  90              		.file 3 "/usr/arm-none-eabi/include/sys/_stdint.h"
  91              		.file 4 "Drivers/CMSIS/Device/ST/STM32F0xx/Include/system_stm32f0xx.h"
  92              		.file 5 "Drivers/CMSIS/Device/ST/STM32F0xx/Include/stm32f042x6.h"
  93              		.file 6 "/usr/arm-none-eabi/include/sys/lock.h"
ARM GAS  /tmp/ccIx4hZy.s 			page 4


  94              		.file 7 "/usr/arm-none-eabi/include/sys/_types.h"
  95              		.file 8 "/usr/lib/gcc/arm-none-eabi/9.1.0/include/stddef.h"
  96              		.file 9 "/usr/arm-none-eabi/include/sys/reent.h"
ARM GAS  /tmp/ccIx4hZy.s 			page 5


DEFINED SYMBOLS
                            *ABS*:0000000000000000 stm32f0xx_hal_msp.c
     /tmp/ccIx4hZy.s:16     .text.HAL_MspInit:0000000000000000 $t
     /tmp/ccIx4hZy.s:24     .text.HAL_MspInit:0000000000000000 HAL_MspInit
     /tmp/ccIx4hZy.s:82     .text.HAL_MspInit:0000000000000034 $d

NO UNDEFINED SYMBOLS
