ARM GAS  /tmp/cczwhZ23.s 			page 1


   1              		.cpu cortex-m0
   2              		.eabi_attribute 20, 1
   3              		.eabi_attribute 21, 1
   4              		.eabi_attribute 23, 3
   5              		.eabi_attribute 24, 1
   6              		.eabi_attribute 25, 1
   7              		.eabi_attribute 26, 1
   8              		.eabi_attribute 30, 1
   9              		.eabi_attribute 34, 0
  10              		.eabi_attribute 18, 4
  11              		.file	"usb_device.c"
  12              		.text
  13              	.Ltext0:
  14              		.cfi_sections	.debug_frame
  15              		.section	.text.MX_USB_DEVICE_Init,"ax",%progbits
  16              		.align	1
  17              		.global	MX_USB_DEVICE_Init
  18              		.arch armv6s-m
  19              		.syntax unified
  20              		.code	16
  21              		.thumb_func
  22              		.fpu softvfp
  24              	MX_USB_DEVICE_Init:
  25              	.LFB37:
  26              		.file 1 "Src/usb_device.c"
   1:Src/usb_device.c **** /* USER CODE BEGIN Header */
   2:Src/usb_device.c **** /**
   3:Src/usb_device.c ****   ******************************************************************************
   4:Src/usb_device.c ****   * @file           : usb_device.c
   5:Src/usb_device.c ****   * @version        : v2.0_Cube
   6:Src/usb_device.c ****   * @brief          : This file implements the USB Device
   7:Src/usb_device.c ****   ******************************************************************************
   8:Src/usb_device.c ****   * @attention
   9:Src/usb_device.c ****   *
  10:Src/usb_device.c ****   * <h2><center>&copy; Copyright (c) 2019 STMicroelectronics.
  11:Src/usb_device.c ****   * All rights reserved.</center></h2>
  12:Src/usb_device.c ****   *
  13:Src/usb_device.c ****   * This software component is licensed by ST under Ultimate Liberty license
  14:Src/usb_device.c ****   * SLA0044, the "License"; You may not use this file except in compliance with
  15:Src/usb_device.c ****   * the License. You may obtain a copy of the License at:
  16:Src/usb_device.c ****   *                             www.st.com/SLA0044
  17:Src/usb_device.c ****   *
  18:Src/usb_device.c ****   ******************************************************************************
  19:Src/usb_device.c ****   */
  20:Src/usb_device.c **** /* USER CODE END Header */
  21:Src/usb_device.c **** 
  22:Src/usb_device.c **** /* Includes ------------------------------------------------------------------*/
  23:Src/usb_device.c **** 
  24:Src/usb_device.c **** #include "usb_device.h"
  25:Src/usb_device.c **** #include "usbd_core.h"
  26:Src/usb_device.c **** #include "usbd_desc.h"
  27:Src/usb_device.c **** #include "usbd_hid.h"
  28:Src/usb_device.c **** 
  29:Src/usb_device.c **** /* USER CODE BEGIN Includes */
  30:Src/usb_device.c **** 
  31:Src/usb_device.c **** /* USER CODE END Includes */
  32:Src/usb_device.c **** 
ARM GAS  /tmp/cczwhZ23.s 			page 2


  33:Src/usb_device.c **** /* USER CODE BEGIN PV */
  34:Src/usb_device.c **** /* Private variables ---------------------------------------------------------*/
  35:Src/usb_device.c **** 
  36:Src/usb_device.c **** /* USER CODE END PV */
  37:Src/usb_device.c **** 
  38:Src/usb_device.c **** /* USER CODE BEGIN PFP */
  39:Src/usb_device.c **** /* Private function prototypes -----------------------------------------------*/
  40:Src/usb_device.c **** 
  41:Src/usb_device.c **** /* USER CODE END PFP */
  42:Src/usb_device.c **** 
  43:Src/usb_device.c **** /* USB Device Core handle declaration. */
  44:Src/usb_device.c **** USBD_HandleTypeDef hUsbDeviceFS;
  45:Src/usb_device.c **** 
  46:Src/usb_device.c **** /*
  47:Src/usb_device.c ****  * -- Insert your variables declaration here --
  48:Src/usb_device.c ****  */
  49:Src/usb_device.c **** /* USER CODE BEGIN 0 */
  50:Src/usb_device.c **** 
  51:Src/usb_device.c **** /* USER CODE END 0 */
  52:Src/usb_device.c **** 
  53:Src/usb_device.c **** /*
  54:Src/usb_device.c ****  * -- Insert your external function declaration here --
  55:Src/usb_device.c ****  */
  56:Src/usb_device.c **** /* USER CODE BEGIN 1 */
  57:Src/usb_device.c **** 
  58:Src/usb_device.c **** /* USER CODE END 1 */
  59:Src/usb_device.c **** 
  60:Src/usb_device.c **** /**
  61:Src/usb_device.c ****   * Init USB device Library, add supported class and start the library
  62:Src/usb_device.c ****   * @retval None
  63:Src/usb_device.c ****   */
  64:Src/usb_device.c **** void MX_USB_DEVICE_Init(void)
  65:Src/usb_device.c **** {
  27              		.loc 1 65 1 view -0
  28              		.cfi_startproc
  29              		@ args = 0, pretend = 0, frame = 0
  30              		@ frame_needed = 0, uses_anonymous_args = 0
  31 0000 10B5     		push	{r4, lr}
  32              	.LCFI0:
  33              		.cfi_def_cfa_offset 8
  34              		.cfi_offset 4, -8
  35              		.cfi_offset 14, -4
  66:Src/usb_device.c ****   /* USER CODE BEGIN USB_DEVICE_Init_PreTreatment */
  67:Src/usb_device.c ****   
  68:Src/usb_device.c ****   /* USER CODE END USB_DEVICE_Init_PreTreatment */
  69:Src/usb_device.c ****   
  70:Src/usb_device.c ****   /* Init Device Library, add supported class and start the library. */
  71:Src/usb_device.c ****   if (USBD_Init(&hUsbDeviceFS, &FS_Desc, DEVICE_FS) != USBD_OK)
  36              		.loc 1 71 3 view .LVU1
  37              		.loc 1 71 7 is_stmt 0 view .LVU2
  38 0002 0022     		movs	r2, #0
  39 0004 0D49     		ldr	r1, .L8
  40 0006 0E48     		ldr	r0, .L8+4
  41 0008 FFF7FEFF 		bl	USBD_Init
  42              	.LVL0:
  43              		.loc 1 71 6 view .LVU3
  44 000c 0028     		cmp	r0, #0
ARM GAS  /tmp/cczwhZ23.s 			page 3


  45 000e 0BD1     		bne	.L5
  46              	.L2:
  72:Src/usb_device.c ****   {
  73:Src/usb_device.c ****     Error_Handler();
  74:Src/usb_device.c ****   }
  75:Src/usb_device.c ****   if (USBD_RegisterClass(&hUsbDeviceFS, &USBD_HID) != USBD_OK)
  47              		.loc 1 75 3 is_stmt 1 view .LVU4
  48              		.loc 1 75 7 is_stmt 0 view .LVU5
  49 0010 0C49     		ldr	r1, .L8+8
  50 0012 0B48     		ldr	r0, .L8+4
  51 0014 FFF7FEFF 		bl	USBD_RegisterClass
  52              	.LVL1:
  53              		.loc 1 75 6 view .LVU6
  54 0018 0028     		cmp	r0, #0
  55 001a 08D1     		bne	.L6
  56              	.L3:
  76:Src/usb_device.c ****   {
  77:Src/usb_device.c ****     Error_Handler();
  78:Src/usb_device.c ****   }
  79:Src/usb_device.c ****   if (USBD_Start(&hUsbDeviceFS) != USBD_OK)
  57              		.loc 1 79 3 is_stmt 1 view .LVU7
  58              		.loc 1 79 7 is_stmt 0 view .LVU8
  59 001c 0848     		ldr	r0, .L8+4
  60 001e FFF7FEFF 		bl	USBD_Start
  61              	.LVL2:
  62              		.loc 1 79 6 view .LVU9
  63 0022 0028     		cmp	r0, #0
  64 0024 06D1     		bne	.L7
  65              	.L1:
  80:Src/usb_device.c ****   {
  81:Src/usb_device.c ****     Error_Handler();
  82:Src/usb_device.c ****   }
  83:Src/usb_device.c ****   /* USER CODE BEGIN USB_DEVICE_Init_PostTreatment */
  84:Src/usb_device.c ****   
  85:Src/usb_device.c ****   /* USER CODE END USB_DEVICE_Init_PostTreatment */
  86:Src/usb_device.c **** }
  66              		.loc 1 86 1 view .LVU10
  67              		@ sp needed
  68 0026 10BD     		pop	{r4, pc}
  69              	.L5:
  73:Src/usb_device.c ****   }
  70              		.loc 1 73 5 is_stmt 1 view .LVU11
  71 0028 FFF7FEFF 		bl	Error_Handler
  72              	.LVL3:
  73 002c F0E7     		b	.L2
  74              	.L6:
  77:Src/usb_device.c ****   }
  75              		.loc 1 77 5 view .LVU12
  76 002e FFF7FEFF 		bl	Error_Handler
  77              	.LVL4:
  78 0032 F3E7     		b	.L3
  79              	.L7:
  81:Src/usb_device.c ****   }
  80              		.loc 1 81 5 view .LVU13
  81 0034 FFF7FEFF 		bl	Error_Handler
  82              	.LVL5:
  83              		.loc 1 86 1 is_stmt 0 view .LVU14
ARM GAS  /tmp/cczwhZ23.s 			page 4


  84 0038 F5E7     		b	.L1
  85              	.L9:
  86 003a C046     		.align	2
  87              	.L8:
  88 003c 00000000 		.word	FS_Desc
  89 0040 00000000 		.word	hUsbDeviceFS
  90 0044 00000000 		.word	USBD_HID
  91              		.cfi_endproc
  92              	.LFE37:
  94              		.comm	hUsbDeviceFS,548,4
  95              		.text
  96              	.Letext0:
  97              		.file 2 "/usr/arm-none-eabi/include/machine/_default_types.h"
  98              		.file 3 "/usr/arm-none-eabi/include/sys/_stdint.h"
  99              		.file 4 "Drivers/CMSIS/Device/ST/STM32F0xx/Include/system_stm32f0xx.h"
 100              		.file 5 "/usr/arm-none-eabi/include/sys/lock.h"
 101              		.file 6 "/usr/arm-none-eabi/include/sys/_types.h"
 102              		.file 7 "/usr/lib/gcc/arm-none-eabi/9.1.0/include/stddef.h"
 103              		.file 8 "/usr/arm-none-eabi/include/sys/reent.h"
 104              		.file 9 "/usr/arm-none-eabi/include/stdlib.h"
 105              		.file 10 "Middlewares/ST/STM32_USB_Device_Library/Core/Inc/usbd_def.h"
 106              		.file 11 "Inc/usbd_desc.h"
 107              		.file 12 "Middlewares/ST/STM32_USB_Device_Library/Class/HID/Inc/usbd_hid.h"
 108              		.file 13 "Middlewares/ST/STM32_USB_Device_Library/Core/Inc/usbd_core.h"
 109              		.file 14 "Inc/main.h"
ARM GAS  /tmp/cczwhZ23.s 			page 5


DEFINED SYMBOLS
                            *ABS*:0000000000000000 usb_device.c
     /tmp/cczwhZ23.s:16     .text.MX_USB_DEVICE_Init:0000000000000000 $t
     /tmp/cczwhZ23.s:24     .text.MX_USB_DEVICE_Init:0000000000000000 MX_USB_DEVICE_Init
     /tmp/cczwhZ23.s:88     .text.MX_USB_DEVICE_Init:000000000000003c $d
                            *COM*:0000000000000224 hUsbDeviceFS

UNDEFINED SYMBOLS
USBD_Init
USBD_RegisterClass
USBD_Start
Error_Handler
FS_Desc
USBD_HID
