ARM GAS  /tmp/ccxqWp5V.s 			page 1


   1              		.cpu cortex-m0
   2              		.eabi_attribute 20, 1
   3              		.eabi_attribute 21, 1
   4              		.eabi_attribute 23, 3
   5              		.eabi_attribute 24, 1
   6              		.eabi_attribute 25, 1
   7              		.eabi_attribute 26, 1
   8              		.eabi_attribute 30, 1
   9              		.eabi_attribute 34, 0
  10              		.eabi_attribute 18, 4
  11              		.file	"usbd_hid.c"
  12              		.text
  13              	.Ltext0:
  14              		.cfi_sections	.debug_frame
  15              		.section	.text.USBD_HID_GetCfgDesc,"ax",%progbits
  16              		.align	1
  17              		.arch armv6s-m
  18              		.syntax unified
  19              		.code	16
  20              		.thumb_func
  21              		.fpu softvfp
  23              	USBD_HID_GetCfgDesc:
  24              	.LVL0:
  25              	.LFB42:
  26              		.file 1 "Middlewares/ST/STM32_USB_Device_Library/Class/HID/Src/usbd_hid.c"
   1:Middlewares/ST/STM32_USB_Device_Library/Class/HID/Src/usbd_hid.c **** /**
   2:Middlewares/ST/STM32_USB_Device_Library/Class/HID/Src/usbd_hid.c ****   ******************************************************************************
   3:Middlewares/ST/STM32_USB_Device_Library/Class/HID/Src/usbd_hid.c ****   * @file    usbd_hid.c
   4:Middlewares/ST/STM32_USB_Device_Library/Class/HID/Src/usbd_hid.c ****   * @author  MCD Application Team
   5:Middlewares/ST/STM32_USB_Device_Library/Class/HID/Src/usbd_hid.c ****   * @version V2.4.2
   6:Middlewares/ST/STM32_USB_Device_Library/Class/HID/Src/usbd_hid.c ****   * @date    11-December-2015
   7:Middlewares/ST/STM32_USB_Device_Library/Class/HID/Src/usbd_hid.c ****   * @brief   This file provides the HID core functions.
   8:Middlewares/ST/STM32_USB_Device_Library/Class/HID/Src/usbd_hid.c ****   *
   9:Middlewares/ST/STM32_USB_Device_Library/Class/HID/Src/usbd_hid.c ****   * @verbatim
  10:Middlewares/ST/STM32_USB_Device_Library/Class/HID/Src/usbd_hid.c ****   *      
  11:Middlewares/ST/STM32_USB_Device_Library/Class/HID/Src/usbd_hid.c ****   *          ===================================================================      
  12:Middlewares/ST/STM32_USB_Device_Library/Class/HID/Src/usbd_hid.c ****   *                                HID Class  Description
  13:Middlewares/ST/STM32_USB_Device_Library/Class/HID/Src/usbd_hid.c ****   *          =================================================================== 
  14:Middlewares/ST/STM32_USB_Device_Library/Class/HID/Src/usbd_hid.c ****   *           This module manages the HID class V1.11 following the "Device Class Definition
  15:Middlewares/ST/STM32_USB_Device_Library/Class/HID/Src/usbd_hid.c ****   *           for Human Interface Devices (HID) Version 1.11 Jun 27, 2001".
  16:Middlewares/ST/STM32_USB_Device_Library/Class/HID/Src/usbd_hid.c ****   *           This driver implements the following aspects of the specification:
  17:Middlewares/ST/STM32_USB_Device_Library/Class/HID/Src/usbd_hid.c ****   *             - The Boot Interface Subclass
  18:Middlewares/ST/STM32_USB_Device_Library/Class/HID/Src/usbd_hid.c ****   *             - The Mouse protocol
  19:Middlewares/ST/STM32_USB_Device_Library/Class/HID/Src/usbd_hid.c ****   *             - Usage Page : Generic Desktop
  20:Middlewares/ST/STM32_USB_Device_Library/Class/HID/Src/usbd_hid.c ****   *             - Usage : Joystick
  21:Middlewares/ST/STM32_USB_Device_Library/Class/HID/Src/usbd_hid.c ****   *             - Collection : Application 
  22:Middlewares/ST/STM32_USB_Device_Library/Class/HID/Src/usbd_hid.c ****   *      
  23:Middlewares/ST/STM32_USB_Device_Library/Class/HID/Src/usbd_hid.c ****   * @note     In HS mode and when the DMA is used, all variables and data structures
  24:Middlewares/ST/STM32_USB_Device_Library/Class/HID/Src/usbd_hid.c ****   *           dealing with the DMA during the transaction process should be 32-bit aligned.
  25:Middlewares/ST/STM32_USB_Device_Library/Class/HID/Src/usbd_hid.c ****   *           
  26:Middlewares/ST/STM32_USB_Device_Library/Class/HID/Src/usbd_hid.c ****   *      
  27:Middlewares/ST/STM32_USB_Device_Library/Class/HID/Src/usbd_hid.c ****   *  @endverbatim
  28:Middlewares/ST/STM32_USB_Device_Library/Class/HID/Src/usbd_hid.c ****   *
  29:Middlewares/ST/STM32_USB_Device_Library/Class/HID/Src/usbd_hid.c ****   ******************************************************************************
  30:Middlewares/ST/STM32_USB_Device_Library/Class/HID/Src/usbd_hid.c ****   * @attention
  31:Middlewares/ST/STM32_USB_Device_Library/Class/HID/Src/usbd_hid.c ****   *
  32:Middlewares/ST/STM32_USB_Device_Library/Class/HID/Src/usbd_hid.c ****   * <h2><center>&copy; COPYRIGHT 2015 STMicroelectronics</center></h2>
ARM GAS  /tmp/ccxqWp5V.s 			page 2


  33:Middlewares/ST/STM32_USB_Device_Library/Class/HID/Src/usbd_hid.c ****   *
  34:Middlewares/ST/STM32_USB_Device_Library/Class/HID/Src/usbd_hid.c ****   * Licensed under MCD-ST Liberty SW License Agreement V2, (the "License");
  35:Middlewares/ST/STM32_USB_Device_Library/Class/HID/Src/usbd_hid.c ****   * You may not use this file except in compliance with the License.
  36:Middlewares/ST/STM32_USB_Device_Library/Class/HID/Src/usbd_hid.c ****   * You may obtain a copy of the License at:
  37:Middlewares/ST/STM32_USB_Device_Library/Class/HID/Src/usbd_hid.c ****   *
  38:Middlewares/ST/STM32_USB_Device_Library/Class/HID/Src/usbd_hid.c ****   *        http://www.st.com/software_license_agreement_liberty_v2
  39:Middlewares/ST/STM32_USB_Device_Library/Class/HID/Src/usbd_hid.c ****   *
  40:Middlewares/ST/STM32_USB_Device_Library/Class/HID/Src/usbd_hid.c ****   * Unless required by applicable law or agreed to in writing, software 
  41:Middlewares/ST/STM32_USB_Device_Library/Class/HID/Src/usbd_hid.c ****   * distributed under the License is distributed on an "AS IS" BASIS, 
  42:Middlewares/ST/STM32_USB_Device_Library/Class/HID/Src/usbd_hid.c ****   * WITHOUT WARRANTIES OR CONDITIONS OF ANY KIND, either express or implied.
  43:Middlewares/ST/STM32_USB_Device_Library/Class/HID/Src/usbd_hid.c ****   * See the License for the specific language governing permissions and
  44:Middlewares/ST/STM32_USB_Device_Library/Class/HID/Src/usbd_hid.c ****   * limitations under the License.
  45:Middlewares/ST/STM32_USB_Device_Library/Class/HID/Src/usbd_hid.c ****   *
  46:Middlewares/ST/STM32_USB_Device_Library/Class/HID/Src/usbd_hid.c ****   ******************************************************************************
  47:Middlewares/ST/STM32_USB_Device_Library/Class/HID/Src/usbd_hid.c ****   */ 
  48:Middlewares/ST/STM32_USB_Device_Library/Class/HID/Src/usbd_hid.c **** 
  49:Middlewares/ST/STM32_USB_Device_Library/Class/HID/Src/usbd_hid.c **** /* Includes ------------------------------------------------------------------*/
  50:Middlewares/ST/STM32_USB_Device_Library/Class/HID/Src/usbd_hid.c **** #include "usbd_hid.h"
  51:Middlewares/ST/STM32_USB_Device_Library/Class/HID/Src/usbd_hid.c **** #include "usbd_desc.h"
  52:Middlewares/ST/STM32_USB_Device_Library/Class/HID/Src/usbd_hid.c **** #include "usbd_ctlreq.h"
  53:Middlewares/ST/STM32_USB_Device_Library/Class/HID/Src/usbd_hid.c **** 
  54:Middlewares/ST/STM32_USB_Device_Library/Class/HID/Src/usbd_hid.c **** 
  55:Middlewares/ST/STM32_USB_Device_Library/Class/HID/Src/usbd_hid.c **** /** @addtogroup STM32_USB_DEVICE_LIBRARY
  56:Middlewares/ST/STM32_USB_Device_Library/Class/HID/Src/usbd_hid.c ****   * @{
  57:Middlewares/ST/STM32_USB_Device_Library/Class/HID/Src/usbd_hid.c ****   */
  58:Middlewares/ST/STM32_USB_Device_Library/Class/HID/Src/usbd_hid.c **** 
  59:Middlewares/ST/STM32_USB_Device_Library/Class/HID/Src/usbd_hid.c **** 
  60:Middlewares/ST/STM32_USB_Device_Library/Class/HID/Src/usbd_hid.c **** /** @defgroup USBD_HID 
  61:Middlewares/ST/STM32_USB_Device_Library/Class/HID/Src/usbd_hid.c ****   * @brief usbd core module
  62:Middlewares/ST/STM32_USB_Device_Library/Class/HID/Src/usbd_hid.c ****   * @{
  63:Middlewares/ST/STM32_USB_Device_Library/Class/HID/Src/usbd_hid.c ****   */ 
  64:Middlewares/ST/STM32_USB_Device_Library/Class/HID/Src/usbd_hid.c **** 
  65:Middlewares/ST/STM32_USB_Device_Library/Class/HID/Src/usbd_hid.c **** /** @defgroup USBD_HID_Private_TypesDefinitions
  66:Middlewares/ST/STM32_USB_Device_Library/Class/HID/Src/usbd_hid.c ****   * @{
  67:Middlewares/ST/STM32_USB_Device_Library/Class/HID/Src/usbd_hid.c ****   */ 
  68:Middlewares/ST/STM32_USB_Device_Library/Class/HID/Src/usbd_hid.c **** /**
  69:Middlewares/ST/STM32_USB_Device_Library/Class/HID/Src/usbd_hid.c ****   * @}
  70:Middlewares/ST/STM32_USB_Device_Library/Class/HID/Src/usbd_hid.c ****   */ 
  71:Middlewares/ST/STM32_USB_Device_Library/Class/HID/Src/usbd_hid.c **** 
  72:Middlewares/ST/STM32_USB_Device_Library/Class/HID/Src/usbd_hid.c **** 
  73:Middlewares/ST/STM32_USB_Device_Library/Class/HID/Src/usbd_hid.c **** /** @defgroup USBD_HID_Private_Defines
  74:Middlewares/ST/STM32_USB_Device_Library/Class/HID/Src/usbd_hid.c ****   * @{
  75:Middlewares/ST/STM32_USB_Device_Library/Class/HID/Src/usbd_hid.c ****   */ 
  76:Middlewares/ST/STM32_USB_Device_Library/Class/HID/Src/usbd_hid.c **** 
  77:Middlewares/ST/STM32_USB_Device_Library/Class/HID/Src/usbd_hid.c **** /**
  78:Middlewares/ST/STM32_USB_Device_Library/Class/HID/Src/usbd_hid.c ****   * @}
  79:Middlewares/ST/STM32_USB_Device_Library/Class/HID/Src/usbd_hid.c ****   */ 
  80:Middlewares/ST/STM32_USB_Device_Library/Class/HID/Src/usbd_hid.c **** 
  81:Middlewares/ST/STM32_USB_Device_Library/Class/HID/Src/usbd_hid.c **** 
  82:Middlewares/ST/STM32_USB_Device_Library/Class/HID/Src/usbd_hid.c **** /** @defgroup USBD_HID_Private_Macros
  83:Middlewares/ST/STM32_USB_Device_Library/Class/HID/Src/usbd_hid.c ****   * @{
  84:Middlewares/ST/STM32_USB_Device_Library/Class/HID/Src/usbd_hid.c ****   */ 
  85:Middlewares/ST/STM32_USB_Device_Library/Class/HID/Src/usbd_hid.c **** /**
  86:Middlewares/ST/STM32_USB_Device_Library/Class/HID/Src/usbd_hid.c ****   * @}
  87:Middlewares/ST/STM32_USB_Device_Library/Class/HID/Src/usbd_hid.c ****   */ 
  88:Middlewares/ST/STM32_USB_Device_Library/Class/HID/Src/usbd_hid.c **** 
  89:Middlewares/ST/STM32_USB_Device_Library/Class/HID/Src/usbd_hid.c **** 
ARM GAS  /tmp/ccxqWp5V.s 			page 3


  90:Middlewares/ST/STM32_USB_Device_Library/Class/HID/Src/usbd_hid.c **** 
  91:Middlewares/ST/STM32_USB_Device_Library/Class/HID/Src/usbd_hid.c **** 
  92:Middlewares/ST/STM32_USB_Device_Library/Class/HID/Src/usbd_hid.c **** /** @defgroup USBD_HID_Private_FunctionPrototypes
  93:Middlewares/ST/STM32_USB_Device_Library/Class/HID/Src/usbd_hid.c ****   * @{
  94:Middlewares/ST/STM32_USB_Device_Library/Class/HID/Src/usbd_hid.c ****   */
  95:Middlewares/ST/STM32_USB_Device_Library/Class/HID/Src/usbd_hid.c **** 
  96:Middlewares/ST/STM32_USB_Device_Library/Class/HID/Src/usbd_hid.c **** 
  97:Middlewares/ST/STM32_USB_Device_Library/Class/HID/Src/usbd_hid.c **** static uint8_t  USBD_HID_Init (USBD_HandleTypeDef *pdev, 
  98:Middlewares/ST/STM32_USB_Device_Library/Class/HID/Src/usbd_hid.c ****                                uint8_t cfgidx);
  99:Middlewares/ST/STM32_USB_Device_Library/Class/HID/Src/usbd_hid.c **** 
 100:Middlewares/ST/STM32_USB_Device_Library/Class/HID/Src/usbd_hid.c **** static uint8_t  USBD_HID_DeInit (USBD_HandleTypeDef *pdev, 
 101:Middlewares/ST/STM32_USB_Device_Library/Class/HID/Src/usbd_hid.c ****                                  uint8_t cfgidx);
 102:Middlewares/ST/STM32_USB_Device_Library/Class/HID/Src/usbd_hid.c **** 
 103:Middlewares/ST/STM32_USB_Device_Library/Class/HID/Src/usbd_hid.c **** static uint8_t  USBD_HID_Setup (USBD_HandleTypeDef *pdev, 
 104:Middlewares/ST/STM32_USB_Device_Library/Class/HID/Src/usbd_hid.c ****                                 USBD_SetupReqTypedef *req);
 105:Middlewares/ST/STM32_USB_Device_Library/Class/HID/Src/usbd_hid.c **** 
 106:Middlewares/ST/STM32_USB_Device_Library/Class/HID/Src/usbd_hid.c **** static uint8_t  *USBD_HID_GetCfgDesc (uint16_t *length);
 107:Middlewares/ST/STM32_USB_Device_Library/Class/HID/Src/usbd_hid.c **** 
 108:Middlewares/ST/STM32_USB_Device_Library/Class/HID/Src/usbd_hid.c **** static uint8_t  *USBD_HID_GetDeviceQualifierDesc (uint16_t *length);
 109:Middlewares/ST/STM32_USB_Device_Library/Class/HID/Src/usbd_hid.c **** 
 110:Middlewares/ST/STM32_USB_Device_Library/Class/HID/Src/usbd_hid.c **** static uint8_t  USBD_HID_DataIn (USBD_HandleTypeDef *pdev, uint8_t epnum);
 111:Middlewares/ST/STM32_USB_Device_Library/Class/HID/Src/usbd_hid.c **** /**
 112:Middlewares/ST/STM32_USB_Device_Library/Class/HID/Src/usbd_hid.c ****   * @}
 113:Middlewares/ST/STM32_USB_Device_Library/Class/HID/Src/usbd_hid.c ****   */ 
 114:Middlewares/ST/STM32_USB_Device_Library/Class/HID/Src/usbd_hid.c **** 
 115:Middlewares/ST/STM32_USB_Device_Library/Class/HID/Src/usbd_hid.c **** /** @defgroup USBD_HID_Private_Variables
 116:Middlewares/ST/STM32_USB_Device_Library/Class/HID/Src/usbd_hid.c ****   * @{
 117:Middlewares/ST/STM32_USB_Device_Library/Class/HID/Src/usbd_hid.c ****   */ 
 118:Middlewares/ST/STM32_USB_Device_Library/Class/HID/Src/usbd_hid.c **** 
 119:Middlewares/ST/STM32_USB_Device_Library/Class/HID/Src/usbd_hid.c **** USBD_ClassTypeDef  USBD_HID = 
 120:Middlewares/ST/STM32_USB_Device_Library/Class/HID/Src/usbd_hid.c **** {
 121:Middlewares/ST/STM32_USB_Device_Library/Class/HID/Src/usbd_hid.c ****   USBD_HID_Init,
 122:Middlewares/ST/STM32_USB_Device_Library/Class/HID/Src/usbd_hid.c ****   USBD_HID_DeInit,
 123:Middlewares/ST/STM32_USB_Device_Library/Class/HID/Src/usbd_hid.c ****   USBD_HID_Setup,
 124:Middlewares/ST/STM32_USB_Device_Library/Class/HID/Src/usbd_hid.c ****   NULL, /*EP0_TxSent*/  
 125:Middlewares/ST/STM32_USB_Device_Library/Class/HID/Src/usbd_hid.c ****   NULL, /*EP0_RxReady*/
 126:Middlewares/ST/STM32_USB_Device_Library/Class/HID/Src/usbd_hid.c ****   USBD_HID_DataIn, /*DataIn*/
 127:Middlewares/ST/STM32_USB_Device_Library/Class/HID/Src/usbd_hid.c ****   NULL, /*DataOut*/
 128:Middlewares/ST/STM32_USB_Device_Library/Class/HID/Src/usbd_hid.c ****   NULL, /*SOF */
 129:Middlewares/ST/STM32_USB_Device_Library/Class/HID/Src/usbd_hid.c ****   NULL,
 130:Middlewares/ST/STM32_USB_Device_Library/Class/HID/Src/usbd_hid.c ****   NULL,      
 131:Middlewares/ST/STM32_USB_Device_Library/Class/HID/Src/usbd_hid.c ****   USBD_HID_GetCfgDesc,
 132:Middlewares/ST/STM32_USB_Device_Library/Class/HID/Src/usbd_hid.c ****   USBD_HID_GetCfgDesc, 
 133:Middlewares/ST/STM32_USB_Device_Library/Class/HID/Src/usbd_hid.c ****   USBD_HID_GetCfgDesc,
 134:Middlewares/ST/STM32_USB_Device_Library/Class/HID/Src/usbd_hid.c ****   USBD_HID_GetDeviceQualifierDesc,
 135:Middlewares/ST/STM32_USB_Device_Library/Class/HID/Src/usbd_hid.c **** };
 136:Middlewares/ST/STM32_USB_Device_Library/Class/HID/Src/usbd_hid.c **** 
 137:Middlewares/ST/STM32_USB_Device_Library/Class/HID/Src/usbd_hid.c **** /* USB HID device Configuration Descriptor */
 138:Middlewares/ST/STM32_USB_Device_Library/Class/HID/Src/usbd_hid.c **** __ALIGN_BEGIN static uint8_t USBD_HID_CfgDesc[USB_HID_CONFIG_DESC_SIZ]  __ALIGN_END =
 139:Middlewares/ST/STM32_USB_Device_Library/Class/HID/Src/usbd_hid.c **** {
 140:Middlewares/ST/STM32_USB_Device_Library/Class/HID/Src/usbd_hid.c ****   0x09, /* bLength: Configuration Descriptor size */
 141:Middlewares/ST/STM32_USB_Device_Library/Class/HID/Src/usbd_hid.c ****   USB_DESC_TYPE_CONFIGURATION, /* bDescriptorType: Configuration */
 142:Middlewares/ST/STM32_USB_Device_Library/Class/HID/Src/usbd_hid.c ****   USB_HID_CONFIG_DESC_SIZ,
 143:Middlewares/ST/STM32_USB_Device_Library/Class/HID/Src/usbd_hid.c ****   /* wTotalLength: Bytes returned */
 144:Middlewares/ST/STM32_USB_Device_Library/Class/HID/Src/usbd_hid.c ****   0x00,
 145:Middlewares/ST/STM32_USB_Device_Library/Class/HID/Src/usbd_hid.c ****   0x01,         /*bNumInterfaces: 1 interface*/
 146:Middlewares/ST/STM32_USB_Device_Library/Class/HID/Src/usbd_hid.c ****   0x01,         /*bConfigurationValue: Configuration value*/
ARM GAS  /tmp/ccxqWp5V.s 			page 4


 147:Middlewares/ST/STM32_USB_Device_Library/Class/HID/Src/usbd_hid.c ****   0x00,         /*iConfiguration: Index of string descriptor describing
 148:Middlewares/ST/STM32_USB_Device_Library/Class/HID/Src/usbd_hid.c ****   the configuration*/
 149:Middlewares/ST/STM32_USB_Device_Library/Class/HID/Src/usbd_hid.c ****   0xE0,         /*bmAttributes: bus powered and Support Remote Wake-up */
 150:Middlewares/ST/STM32_USB_Device_Library/Class/HID/Src/usbd_hid.c ****   0x32,         /*MaxPower 100 mA: this current is used for detecting Vbus*/
 151:Middlewares/ST/STM32_USB_Device_Library/Class/HID/Src/usbd_hid.c ****   
 152:Middlewares/ST/STM32_USB_Device_Library/Class/HID/Src/usbd_hid.c ****   /************** Descriptor of Joystick Mouse interface ****************/
 153:Middlewares/ST/STM32_USB_Device_Library/Class/HID/Src/usbd_hid.c ****   /* 09 */
 154:Middlewares/ST/STM32_USB_Device_Library/Class/HID/Src/usbd_hid.c ****   0x09,         /*bLength: Interface Descriptor size*/
 155:Middlewares/ST/STM32_USB_Device_Library/Class/HID/Src/usbd_hid.c ****   USB_DESC_TYPE_INTERFACE,/*bDescriptorType: Interface descriptor type*/
 156:Middlewares/ST/STM32_USB_Device_Library/Class/HID/Src/usbd_hid.c ****   0x00,         /*bInterfaceNumber: Number of Interface*/
 157:Middlewares/ST/STM32_USB_Device_Library/Class/HID/Src/usbd_hid.c ****   0x00,         /*bAlternateSetting: Alternate setting*/
 158:Middlewares/ST/STM32_USB_Device_Library/Class/HID/Src/usbd_hid.c ****   0x01,         /*bNumEndpoints*/
 159:Middlewares/ST/STM32_USB_Device_Library/Class/HID/Src/usbd_hid.c ****   0x03,         /*bInterfaceClass: HID*/
 160:Middlewares/ST/STM32_USB_Device_Library/Class/HID/Src/usbd_hid.c ****   0x00,         /*bInterfaceSubClass : 1=BOOT, 0=no boot*/
 161:Middlewares/ST/STM32_USB_Device_Library/Class/HID/Src/usbd_hid.c ****   0x01,         /*nInterfaceProtocol : 0=none, 1=keyboard, 2=mouse*/
 162:Middlewares/ST/STM32_USB_Device_Library/Class/HID/Src/usbd_hid.c ****   0,            /*iInterface: Index of string descriptor*/
 163:Middlewares/ST/STM32_USB_Device_Library/Class/HID/Src/usbd_hid.c ****   /******************** Descriptor of Joystick Mouse HID ********************/
 164:Middlewares/ST/STM32_USB_Device_Library/Class/HID/Src/usbd_hid.c ****   /* 18 */
 165:Middlewares/ST/STM32_USB_Device_Library/Class/HID/Src/usbd_hid.c ****   0x09,         /*bLength: HID Descriptor size*/
 166:Middlewares/ST/STM32_USB_Device_Library/Class/HID/Src/usbd_hid.c ****   HID_DESCRIPTOR_TYPE, /*bDescriptorType: HID*/
 167:Middlewares/ST/STM32_USB_Device_Library/Class/HID/Src/usbd_hid.c ****   0x11,         /*bcdHID: HID Class Spec release number*/
 168:Middlewares/ST/STM32_USB_Device_Library/Class/HID/Src/usbd_hid.c ****   0x01,
 169:Middlewares/ST/STM32_USB_Device_Library/Class/HID/Src/usbd_hid.c ****   0x00,         /*bCountryCode: Hardware target country*/
 170:Middlewares/ST/STM32_USB_Device_Library/Class/HID/Src/usbd_hid.c ****   0x01,         /*bNumDescriptors: Number of HID class descriptors to follow*/
 171:Middlewares/ST/STM32_USB_Device_Library/Class/HID/Src/usbd_hid.c ****   0x22,         /*bDescriptorType*/
 172:Middlewares/ST/STM32_USB_Device_Library/Class/HID/Src/usbd_hid.c ****   HID_CUSTOM_REPORT_DESC_SIZE,/*wItemLength: Total length of Report descriptor*/
 173:Middlewares/ST/STM32_USB_Device_Library/Class/HID/Src/usbd_hid.c ****   0x00,
 174:Middlewares/ST/STM32_USB_Device_Library/Class/HID/Src/usbd_hid.c ****   /******************** Descriptor of Mouse endpoint ********************/
 175:Middlewares/ST/STM32_USB_Device_Library/Class/HID/Src/usbd_hid.c ****   /* 27 */
 176:Middlewares/ST/STM32_USB_Device_Library/Class/HID/Src/usbd_hid.c ****   0x07,          /*bLength: Endpoint Descriptor size*/
 177:Middlewares/ST/STM32_USB_Device_Library/Class/HID/Src/usbd_hid.c ****   USB_DESC_TYPE_ENDPOINT, /*bDescriptorType:*/
 178:Middlewares/ST/STM32_USB_Device_Library/Class/HID/Src/usbd_hid.c ****   
 179:Middlewares/ST/STM32_USB_Device_Library/Class/HID/Src/usbd_hid.c ****   HID_EPIN_ADDR,     /*bEndpointAddress: Endpoint Address (IN)*/
 180:Middlewares/ST/STM32_USB_Device_Library/Class/HID/Src/usbd_hid.c ****   0x03,          /*bmAttributes: Interrupt endpoint*/
 181:Middlewares/ST/STM32_USB_Device_Library/Class/HID/Src/usbd_hid.c ****   HID_EPIN_SIZE, /*wMaxPacketSize: 4 Byte max */
 182:Middlewares/ST/STM32_USB_Device_Library/Class/HID/Src/usbd_hid.c ****   0x00,
 183:Middlewares/ST/STM32_USB_Device_Library/Class/HID/Src/usbd_hid.c ****   HID_FS_BINTERVAL,          /*bInterval: Polling Interval (10 ms)*/
 184:Middlewares/ST/STM32_USB_Device_Library/Class/HID/Src/usbd_hid.c ****   /* 34 */
 185:Middlewares/ST/STM32_USB_Device_Library/Class/HID/Src/usbd_hid.c **** } ;
 186:Middlewares/ST/STM32_USB_Device_Library/Class/HID/Src/usbd_hid.c **** 
 187:Middlewares/ST/STM32_USB_Device_Library/Class/HID/Src/usbd_hid.c **** /* USB HID device Configuration Descriptor */
 188:Middlewares/ST/STM32_USB_Device_Library/Class/HID/Src/usbd_hid.c **** __ALIGN_BEGIN static uint8_t USBD_HID_Desc[USB_HID_DESC_SIZ]  __ALIGN_END  =
 189:Middlewares/ST/STM32_USB_Device_Library/Class/HID/Src/usbd_hid.c **** {
 190:Middlewares/ST/STM32_USB_Device_Library/Class/HID/Src/usbd_hid.c ****   /* 18 */
 191:Middlewares/ST/STM32_USB_Device_Library/Class/HID/Src/usbd_hid.c ****   0x09,         /*bLength: HID Descriptor size*/
 192:Middlewares/ST/STM32_USB_Device_Library/Class/HID/Src/usbd_hid.c ****   HID_DESCRIPTOR_TYPE, /*bDescriptorType: HID*/
 193:Middlewares/ST/STM32_USB_Device_Library/Class/HID/Src/usbd_hid.c ****   0x11,         /*bcdHID: HID Class Spec release number*/
 194:Middlewares/ST/STM32_USB_Device_Library/Class/HID/Src/usbd_hid.c ****   0x01,
 195:Middlewares/ST/STM32_USB_Device_Library/Class/HID/Src/usbd_hid.c ****   0x00,         /*bCountryCode: Hardware target country*/
 196:Middlewares/ST/STM32_USB_Device_Library/Class/HID/Src/usbd_hid.c ****   0x01,         /*bNumDescriptors: Number of HID class descriptors to follow*/
 197:Middlewares/ST/STM32_USB_Device_Library/Class/HID/Src/usbd_hid.c ****   0x22,         /*bDescriptorType*/
 198:Middlewares/ST/STM32_USB_Device_Library/Class/HID/Src/usbd_hid.c ****   HID_CUSTOM_REPORT_DESC_SIZE,/*wItemLength: Total length of Report descriptor*/
 199:Middlewares/ST/STM32_USB_Device_Library/Class/HID/Src/usbd_hid.c ****   0x00,
 200:Middlewares/ST/STM32_USB_Device_Library/Class/HID/Src/usbd_hid.c **** };
 201:Middlewares/ST/STM32_USB_Device_Library/Class/HID/Src/usbd_hid.c **** 
 202:Middlewares/ST/STM32_USB_Device_Library/Class/HID/Src/usbd_hid.c **** /* USB Standard Device Descriptor */
 203:Middlewares/ST/STM32_USB_Device_Library/Class/HID/Src/usbd_hid.c **** __ALIGN_BEGIN static uint8_t USBD_HID_DeviceQualifierDesc[USB_LEN_DEV_QUALIFIER_DESC]  __ALIGN_END 
ARM GAS  /tmp/ccxqWp5V.s 			page 5


 204:Middlewares/ST/STM32_USB_Device_Library/Class/HID/Src/usbd_hid.c **** {
 205:Middlewares/ST/STM32_USB_Device_Library/Class/HID/Src/usbd_hid.c ****   USB_LEN_DEV_QUALIFIER_DESC,
 206:Middlewares/ST/STM32_USB_Device_Library/Class/HID/Src/usbd_hid.c ****   USB_DESC_TYPE_DEVICE_QUALIFIER,
 207:Middlewares/ST/STM32_USB_Device_Library/Class/HID/Src/usbd_hid.c ****   0x00,
 208:Middlewares/ST/STM32_USB_Device_Library/Class/HID/Src/usbd_hid.c ****   0x02,
 209:Middlewares/ST/STM32_USB_Device_Library/Class/HID/Src/usbd_hid.c ****   0x00,
 210:Middlewares/ST/STM32_USB_Device_Library/Class/HID/Src/usbd_hid.c ****   0x00,
 211:Middlewares/ST/STM32_USB_Device_Library/Class/HID/Src/usbd_hid.c ****   0x00,
 212:Middlewares/ST/STM32_USB_Device_Library/Class/HID/Src/usbd_hid.c ****   0x40,
 213:Middlewares/ST/STM32_USB_Device_Library/Class/HID/Src/usbd_hid.c ****   0x01,
 214:Middlewares/ST/STM32_USB_Device_Library/Class/HID/Src/usbd_hid.c ****   0x00,
 215:Middlewares/ST/STM32_USB_Device_Library/Class/HID/Src/usbd_hid.c **** };
 216:Middlewares/ST/STM32_USB_Device_Library/Class/HID/Src/usbd_hid.c **** 
 217:Middlewares/ST/STM32_USB_Device_Library/Class/HID/Src/usbd_hid.c **** /*
 218:Middlewares/ST/STM32_USB_Device_Library/Class/HID/Src/usbd_hid.c **** __ALIGN_BEGIN static uint8_t HID_MOUSE_ReportDesc[HID_CUSTOM_REPORT_DESC_SIZE]  __ALIGN_END =
 219:Middlewares/ST/STM32_USB_Device_Library/Class/HID/Src/usbd_hid.c **** {
 220:Middlewares/ST/STM32_USB_Device_Library/Class/HID/Src/usbd_hid.c ****   0x05,   0x01,
 221:Middlewares/ST/STM32_USB_Device_Library/Class/HID/Src/usbd_hid.c ****   0x09,   0x02,
 222:Middlewares/ST/STM32_USB_Device_Library/Class/HID/Src/usbd_hid.c ****   0xA1,   0x01,
 223:Middlewares/ST/STM32_USB_Device_Library/Class/HID/Src/usbd_hid.c ****   0x09,   0x01,
 224:Middlewares/ST/STM32_USB_Device_Library/Class/HID/Src/usbd_hid.c ****   
 225:Middlewares/ST/STM32_USB_Device_Library/Class/HID/Src/usbd_hid.c ****   0xA1,   0x00,
 226:Middlewares/ST/STM32_USB_Device_Library/Class/HID/Src/usbd_hid.c ****   0x05,   0x09,
 227:Middlewares/ST/STM32_USB_Device_Library/Class/HID/Src/usbd_hid.c ****   0x19,   0x01,
 228:Middlewares/ST/STM32_USB_Device_Library/Class/HID/Src/usbd_hid.c ****   0x29,   0x03,
 229:Middlewares/ST/STM32_USB_Device_Library/Class/HID/Src/usbd_hid.c ****   
 230:Middlewares/ST/STM32_USB_Device_Library/Class/HID/Src/usbd_hid.c ****   0x15,   0x00,
 231:Middlewares/ST/STM32_USB_Device_Library/Class/HID/Src/usbd_hid.c ****   0x25,   0x01,
 232:Middlewares/ST/STM32_USB_Device_Library/Class/HID/Src/usbd_hid.c ****   0x95,   0x03,
 233:Middlewares/ST/STM32_USB_Device_Library/Class/HID/Src/usbd_hid.c ****   0x75,   0x01,
 234:Middlewares/ST/STM32_USB_Device_Library/Class/HID/Src/usbd_hid.c ****   
 235:Middlewares/ST/STM32_USB_Device_Library/Class/HID/Src/usbd_hid.c ****   0x81,   0x02,
 236:Middlewares/ST/STM32_USB_Device_Library/Class/HID/Src/usbd_hid.c ****   0x95,   0x01,
 237:Middlewares/ST/STM32_USB_Device_Library/Class/HID/Src/usbd_hid.c ****   0x75,   0x05,
 238:Middlewares/ST/STM32_USB_Device_Library/Class/HID/Src/usbd_hid.c ****   0x81,   0x01,
 239:Middlewares/ST/STM32_USB_Device_Library/Class/HID/Src/usbd_hid.c ****   
 240:Middlewares/ST/STM32_USB_Device_Library/Class/HID/Src/usbd_hid.c ****   0x05,   0x01,
 241:Middlewares/ST/STM32_USB_Device_Library/Class/HID/Src/usbd_hid.c ****   0x09,   0x30,
 242:Middlewares/ST/STM32_USB_Device_Library/Class/HID/Src/usbd_hid.c ****   0x09,   0x31,
 243:Middlewares/ST/STM32_USB_Device_Library/Class/HID/Src/usbd_hid.c ****   0x09,   0x38,
 244:Middlewares/ST/STM32_USB_Device_Library/Class/HID/Src/usbd_hid.c ****   
 245:Middlewares/ST/STM32_USB_Device_Library/Class/HID/Src/usbd_hid.c ****   0x15,   0x81,
 246:Middlewares/ST/STM32_USB_Device_Library/Class/HID/Src/usbd_hid.c ****   0x25,   0x7F,
 247:Middlewares/ST/STM32_USB_Device_Library/Class/HID/Src/usbd_hid.c ****   0x75,   0x08,
 248:Middlewares/ST/STM32_USB_Device_Library/Class/HID/Src/usbd_hid.c ****   0x95,   0x03,
 249:Middlewares/ST/STM32_USB_Device_Library/Class/HID/Src/usbd_hid.c ****   
 250:Middlewares/ST/STM32_USB_Device_Library/Class/HID/Src/usbd_hid.c ****   0x81,   0x06,
 251:Middlewares/ST/STM32_USB_Device_Library/Class/HID/Src/usbd_hid.c ****   0xC0,   0x09,
 252:Middlewares/ST/STM32_USB_Device_Library/Class/HID/Src/usbd_hid.c ****   0x3c,   0x05,
 253:Middlewares/ST/STM32_USB_Device_Library/Class/HID/Src/usbd_hid.c ****   0xff,   0x09,
 254:Middlewares/ST/STM32_USB_Device_Library/Class/HID/Src/usbd_hid.c ****   
 255:Middlewares/ST/STM32_USB_Device_Library/Class/HID/Src/usbd_hid.c ****   0x01,   0x15,
 256:Middlewares/ST/STM32_USB_Device_Library/Class/HID/Src/usbd_hid.c ****   0x00,   0x25,
 257:Middlewares/ST/STM32_USB_Device_Library/Class/HID/Src/usbd_hid.c ****   0x01,   0x75,
 258:Middlewares/ST/STM32_USB_Device_Library/Class/HID/Src/usbd_hid.c ****   0x01,   0x95,
 259:Middlewares/ST/STM32_USB_Device_Library/Class/HID/Src/usbd_hid.c ****   
 260:Middlewares/ST/STM32_USB_Device_Library/Class/HID/Src/usbd_hid.c ****   0x02,   0xb1,
ARM GAS  /tmp/ccxqWp5V.s 			page 6


 261:Middlewares/ST/STM32_USB_Device_Library/Class/HID/Src/usbd_hid.c ****   0x22,   0x75,
 262:Middlewares/ST/STM32_USB_Device_Library/Class/HID/Src/usbd_hid.c ****   0x06,   0x95,
 263:Middlewares/ST/STM32_USB_Device_Library/Class/HID/Src/usbd_hid.c ****   0x01,   0xb1,
 264:Middlewares/ST/STM32_USB_Device_Library/Class/HID/Src/usbd_hid.c ****   
 265:Middlewares/ST/STM32_USB_Device_Library/Class/HID/Src/usbd_hid.c ****   0x01,   0xc0
 266:Middlewares/ST/STM32_USB_Device_Library/Class/HID/Src/usbd_hid.c **** }; 
 267:Middlewares/ST/STM32_USB_Device_Library/Class/HID/Src/usbd_hid.c **** */
 268:Middlewares/ST/STM32_USB_Device_Library/Class/HID/Src/usbd_hid.c **** 
 269:Middlewares/ST/STM32_USB_Device_Library/Class/HID/Src/usbd_hid.c **** __ALIGN_BEGIN static uint8_t HID_CUSTOM_ReportDesc[HID_CUSTOM_REPORT_DESC_SIZE]  __ALIGN_END = {
 270:Middlewares/ST/STM32_USB_Device_Library/Class/HID/Src/usbd_hid.c ****   // 78 bytes
 271:Middlewares/ST/STM32_USB_Device_Library/Class/HID/Src/usbd_hid.c ****   0x05, 0x01,        // Usage Page (Generic Desktop Ctrls)
 272:Middlewares/ST/STM32_USB_Device_Library/Class/HID/Src/usbd_hid.c ****   0x09, 0x06,        // Usage (Keyboard)
 273:Middlewares/ST/STM32_USB_Device_Library/Class/HID/Src/usbd_hid.c ****   0xA1, 0x01,        // Collection (Application)
 274:Middlewares/ST/STM32_USB_Device_Library/Class/HID/Src/usbd_hid.c ****   0x85, 0x01,        //   Report ID (1)
 275:Middlewares/ST/STM32_USB_Device_Library/Class/HID/Src/usbd_hid.c ****   0x05, 0x07,        //   Usage Page (Kbrd/Keypad)
 276:Middlewares/ST/STM32_USB_Device_Library/Class/HID/Src/usbd_hid.c ****   0x75, 0x01,        //   Report Size (1)
 277:Middlewares/ST/STM32_USB_Device_Library/Class/HID/Src/usbd_hid.c ****   0x95, 0x08,        //   Report Count (8)
 278:Middlewares/ST/STM32_USB_Device_Library/Class/HID/Src/usbd_hid.c ****   0x19, 0xE0,        //   Usage Minimum (0xE0)
 279:Middlewares/ST/STM32_USB_Device_Library/Class/HID/Src/usbd_hid.c ****   0x29, 0xE7,        //   Usage Maximum (0xE7)
 280:Middlewares/ST/STM32_USB_Device_Library/Class/HID/Src/usbd_hid.c ****   0x15, 0x00,        //   Logical Minimum (0)
 281:Middlewares/ST/STM32_USB_Device_Library/Class/HID/Src/usbd_hid.c ****   0x25, 0x01,        //   Logical Maximum (1)
 282:Middlewares/ST/STM32_USB_Device_Library/Class/HID/Src/usbd_hid.c ****   0x81, 0x02,        //   Input (Data,Var,Abs,No Wrap,Linear,Preferred State,No Null Position)
 283:Middlewares/ST/STM32_USB_Device_Library/Class/HID/Src/usbd_hid.c ****   0x95, 0x03,        //   Report Count (3)
 284:Middlewares/ST/STM32_USB_Device_Library/Class/HID/Src/usbd_hid.c ****   0x75, 0x08,        //   Report Size (8)
 285:Middlewares/ST/STM32_USB_Device_Library/Class/HID/Src/usbd_hid.c ****   0x15, 0x00,        //   Logical Minimum (0)
 286:Middlewares/ST/STM32_USB_Device_Library/Class/HID/Src/usbd_hid.c ****   0x25, 0x64,        //   Logical Maximum (100)
 287:Middlewares/ST/STM32_USB_Device_Library/Class/HID/Src/usbd_hid.c ****   0x05, 0x07,        //   Usage Page (Kbrd/Keypad)
 288:Middlewares/ST/STM32_USB_Device_Library/Class/HID/Src/usbd_hid.c ****   0x19, 0x00,        //   Usage Minimum (0x00)
 289:Middlewares/ST/STM32_USB_Device_Library/Class/HID/Src/usbd_hid.c ****   0x29, 0x65,        //   Usage Maximum (0x65)
 290:Middlewares/ST/STM32_USB_Device_Library/Class/HID/Src/usbd_hid.c ****   0x81, 0x00,        //   Input (Data,Array,Abs,No Wrap,Linear,Preferred State,No Null Position)
 291:Middlewares/ST/STM32_USB_Device_Library/Class/HID/Src/usbd_hid.c ****   0xC0,              // End Collection
 292:Middlewares/ST/STM32_USB_Device_Library/Class/HID/Src/usbd_hid.c ****   0x05, 0x0C,        // Usage Page (Consumer)
 293:Middlewares/ST/STM32_USB_Device_Library/Class/HID/Src/usbd_hid.c ****   0x09, 0x01,        // Usage (Consumer Control)
 294:Middlewares/ST/STM32_USB_Device_Library/Class/HID/Src/usbd_hid.c ****   0xA1, 0x01,        // Collection (Application)
 295:Middlewares/ST/STM32_USB_Device_Library/Class/HID/Src/usbd_hid.c ****   0x85, 0x02,        //   Report ID (2)
 296:Middlewares/ST/STM32_USB_Device_Library/Class/HID/Src/usbd_hid.c ****   0x05, 0x0C,        //   Usage Page (Consumer)
 297:Middlewares/ST/STM32_USB_Device_Library/Class/HID/Src/usbd_hid.c ****   0x15, 0x00,        //   Logical Minimum (0)
 298:Middlewares/ST/STM32_USB_Device_Library/Class/HID/Src/usbd_hid.c ****   0x25, 0x01,        //   Logical Maximum (1)
 299:Middlewares/ST/STM32_USB_Device_Library/Class/HID/Src/usbd_hid.c ****   0x75, 0x01,        //   Report Size (1)
 300:Middlewares/ST/STM32_USB_Device_Library/Class/HID/Src/usbd_hid.c ****   0x95, 0x08,        //   Report Count (8)
 301:Middlewares/ST/STM32_USB_Device_Library/Class/HID/Src/usbd_hid.c ****   0x09, 0xB5,        //   Usage (Scan Next Track)
 302:Middlewares/ST/STM32_USB_Device_Library/Class/HID/Src/usbd_hid.c ****   0x09, 0xB6,        //   Usage (Scan Previous Track)
 303:Middlewares/ST/STM32_USB_Device_Library/Class/HID/Src/usbd_hid.c ****   0x09, 0xB7,        //   Usage (Stop)
 304:Middlewares/ST/STM32_USB_Device_Library/Class/HID/Src/usbd_hid.c ****   0x09, 0xB8,        //   Usage (Eject)
 305:Middlewares/ST/STM32_USB_Device_Library/Class/HID/Src/usbd_hid.c ****   0x09, 0xCD,        //   Usage (Play/Pause)
 306:Middlewares/ST/STM32_USB_Device_Library/Class/HID/Src/usbd_hid.c ****   0x09, 0xE2,        //   Usage (Mute)
 307:Middlewares/ST/STM32_USB_Device_Library/Class/HID/Src/usbd_hid.c ****   0x09, 0xE9,        //   Usage (Volume Increment)
 308:Middlewares/ST/STM32_USB_Device_Library/Class/HID/Src/usbd_hid.c ****   0x09, 0xEA,        //   Usage (Volume Decrement)
 309:Middlewares/ST/STM32_USB_Device_Library/Class/HID/Src/usbd_hid.c ****   0x81, 0x02,        //   Input (Data,Var,Abs,No Wrap,Linear,Preferred State,No Null Position)
 310:Middlewares/ST/STM32_USB_Device_Library/Class/HID/Src/usbd_hid.c ****   0xC0,              // End Collection
 311:Middlewares/ST/STM32_USB_Device_Library/Class/HID/Src/usbd_hid.c **** };
 312:Middlewares/ST/STM32_USB_Device_Library/Class/HID/Src/usbd_hid.c **** 
 313:Middlewares/ST/STM32_USB_Device_Library/Class/HID/Src/usbd_hid.c **** /**
 314:Middlewares/ST/STM32_USB_Device_Library/Class/HID/Src/usbd_hid.c ****   * @}
 315:Middlewares/ST/STM32_USB_Device_Library/Class/HID/Src/usbd_hid.c ****   */ 
 316:Middlewares/ST/STM32_USB_Device_Library/Class/HID/Src/usbd_hid.c **** 
 317:Middlewares/ST/STM32_USB_Device_Library/Class/HID/Src/usbd_hid.c **** /** @defgroup USBD_HID_Private_Functions
ARM GAS  /tmp/ccxqWp5V.s 			page 7


 318:Middlewares/ST/STM32_USB_Device_Library/Class/HID/Src/usbd_hid.c ****   * @{
 319:Middlewares/ST/STM32_USB_Device_Library/Class/HID/Src/usbd_hid.c ****   */ 
 320:Middlewares/ST/STM32_USB_Device_Library/Class/HID/Src/usbd_hid.c **** 
 321:Middlewares/ST/STM32_USB_Device_Library/Class/HID/Src/usbd_hid.c **** /**
 322:Middlewares/ST/STM32_USB_Device_Library/Class/HID/Src/usbd_hid.c ****   * @brief  USBD_HID_Init
 323:Middlewares/ST/STM32_USB_Device_Library/Class/HID/Src/usbd_hid.c ****   *         Initialize the HID interface
 324:Middlewares/ST/STM32_USB_Device_Library/Class/HID/Src/usbd_hid.c ****   * @param  pdev: device instance
 325:Middlewares/ST/STM32_USB_Device_Library/Class/HID/Src/usbd_hid.c ****   * @param  cfgidx: Configuration index
 326:Middlewares/ST/STM32_USB_Device_Library/Class/HID/Src/usbd_hid.c ****   * @retval status
 327:Middlewares/ST/STM32_USB_Device_Library/Class/HID/Src/usbd_hid.c ****   */
 328:Middlewares/ST/STM32_USB_Device_Library/Class/HID/Src/usbd_hid.c **** static uint8_t  USBD_HID_Init (USBD_HandleTypeDef *pdev, 
 329:Middlewares/ST/STM32_USB_Device_Library/Class/HID/Src/usbd_hid.c ****                                uint8_t cfgidx)
 330:Middlewares/ST/STM32_USB_Device_Library/Class/HID/Src/usbd_hid.c **** {
 331:Middlewares/ST/STM32_USB_Device_Library/Class/HID/Src/usbd_hid.c ****   uint8_t ret = 0;
 332:Middlewares/ST/STM32_USB_Device_Library/Class/HID/Src/usbd_hid.c ****   
 333:Middlewares/ST/STM32_USB_Device_Library/Class/HID/Src/usbd_hid.c ****   /* Open EP IN */
 334:Middlewares/ST/STM32_USB_Device_Library/Class/HID/Src/usbd_hid.c ****   USBD_LL_OpenEP(pdev,
 335:Middlewares/ST/STM32_USB_Device_Library/Class/HID/Src/usbd_hid.c ****                  HID_EPIN_ADDR,
 336:Middlewares/ST/STM32_USB_Device_Library/Class/HID/Src/usbd_hid.c ****                  USBD_EP_TYPE_INTR,
 337:Middlewares/ST/STM32_USB_Device_Library/Class/HID/Src/usbd_hid.c ****                  HID_EPIN_SIZE);  
 338:Middlewares/ST/STM32_USB_Device_Library/Class/HID/Src/usbd_hid.c ****   
 339:Middlewares/ST/STM32_USB_Device_Library/Class/HID/Src/usbd_hid.c ****   pdev->pClassData = USBD_malloc(sizeof (USBD_HID_HandleTypeDef));
 340:Middlewares/ST/STM32_USB_Device_Library/Class/HID/Src/usbd_hid.c ****   
 341:Middlewares/ST/STM32_USB_Device_Library/Class/HID/Src/usbd_hid.c ****   if(pdev->pClassData == NULL)
 342:Middlewares/ST/STM32_USB_Device_Library/Class/HID/Src/usbd_hid.c ****   {
 343:Middlewares/ST/STM32_USB_Device_Library/Class/HID/Src/usbd_hid.c ****     ret = 1; 
 344:Middlewares/ST/STM32_USB_Device_Library/Class/HID/Src/usbd_hid.c ****   }
 345:Middlewares/ST/STM32_USB_Device_Library/Class/HID/Src/usbd_hid.c ****   else
 346:Middlewares/ST/STM32_USB_Device_Library/Class/HID/Src/usbd_hid.c ****   {
 347:Middlewares/ST/STM32_USB_Device_Library/Class/HID/Src/usbd_hid.c ****     ((USBD_HID_HandleTypeDef *)pdev->pClassData)->state = HID_IDLE;
 348:Middlewares/ST/STM32_USB_Device_Library/Class/HID/Src/usbd_hid.c ****   }
 349:Middlewares/ST/STM32_USB_Device_Library/Class/HID/Src/usbd_hid.c ****   return ret;
 350:Middlewares/ST/STM32_USB_Device_Library/Class/HID/Src/usbd_hid.c **** }
 351:Middlewares/ST/STM32_USB_Device_Library/Class/HID/Src/usbd_hid.c **** 
 352:Middlewares/ST/STM32_USB_Device_Library/Class/HID/Src/usbd_hid.c **** /**
 353:Middlewares/ST/STM32_USB_Device_Library/Class/HID/Src/usbd_hid.c ****   * @brief  USBD_HID_Init
 354:Middlewares/ST/STM32_USB_Device_Library/Class/HID/Src/usbd_hid.c ****   *         DeInitialize the HID layer
 355:Middlewares/ST/STM32_USB_Device_Library/Class/HID/Src/usbd_hid.c ****   * @param  pdev: device instance
 356:Middlewares/ST/STM32_USB_Device_Library/Class/HID/Src/usbd_hid.c ****   * @param  cfgidx: Configuration index
 357:Middlewares/ST/STM32_USB_Device_Library/Class/HID/Src/usbd_hid.c ****   * @retval status
 358:Middlewares/ST/STM32_USB_Device_Library/Class/HID/Src/usbd_hid.c ****   */
 359:Middlewares/ST/STM32_USB_Device_Library/Class/HID/Src/usbd_hid.c **** static uint8_t  USBD_HID_DeInit (USBD_HandleTypeDef *pdev, 
 360:Middlewares/ST/STM32_USB_Device_Library/Class/HID/Src/usbd_hid.c ****                                  uint8_t cfgidx)
 361:Middlewares/ST/STM32_USB_Device_Library/Class/HID/Src/usbd_hid.c **** {
 362:Middlewares/ST/STM32_USB_Device_Library/Class/HID/Src/usbd_hid.c ****   /* Close HID EPs */
 363:Middlewares/ST/STM32_USB_Device_Library/Class/HID/Src/usbd_hid.c ****   USBD_LL_CloseEP(pdev,
 364:Middlewares/ST/STM32_USB_Device_Library/Class/HID/Src/usbd_hid.c ****                   HID_EPIN_ADDR);
 365:Middlewares/ST/STM32_USB_Device_Library/Class/HID/Src/usbd_hid.c ****   
 366:Middlewares/ST/STM32_USB_Device_Library/Class/HID/Src/usbd_hid.c ****   /* FRee allocated memory */
 367:Middlewares/ST/STM32_USB_Device_Library/Class/HID/Src/usbd_hid.c ****   if(pdev->pClassData != NULL)
 368:Middlewares/ST/STM32_USB_Device_Library/Class/HID/Src/usbd_hid.c ****   {
 369:Middlewares/ST/STM32_USB_Device_Library/Class/HID/Src/usbd_hid.c ****     USBD_free(pdev->pClassData);
 370:Middlewares/ST/STM32_USB_Device_Library/Class/HID/Src/usbd_hid.c ****     pdev->pClassData = NULL;
 371:Middlewares/ST/STM32_USB_Device_Library/Class/HID/Src/usbd_hid.c ****   } 
 372:Middlewares/ST/STM32_USB_Device_Library/Class/HID/Src/usbd_hid.c ****   
 373:Middlewares/ST/STM32_USB_Device_Library/Class/HID/Src/usbd_hid.c ****   return USBD_OK;
 374:Middlewares/ST/STM32_USB_Device_Library/Class/HID/Src/usbd_hid.c **** }
ARM GAS  /tmp/ccxqWp5V.s 			page 8


 375:Middlewares/ST/STM32_USB_Device_Library/Class/HID/Src/usbd_hid.c **** 
 376:Middlewares/ST/STM32_USB_Device_Library/Class/HID/Src/usbd_hid.c **** /**
 377:Middlewares/ST/STM32_USB_Device_Library/Class/HID/Src/usbd_hid.c ****   * @brief  USBD_HID_Setup
 378:Middlewares/ST/STM32_USB_Device_Library/Class/HID/Src/usbd_hid.c ****   *         Handle the HID specific requests
 379:Middlewares/ST/STM32_USB_Device_Library/Class/HID/Src/usbd_hid.c ****   * @param  pdev: instance
 380:Middlewares/ST/STM32_USB_Device_Library/Class/HID/Src/usbd_hid.c ****   * @param  req: usb requests
 381:Middlewares/ST/STM32_USB_Device_Library/Class/HID/Src/usbd_hid.c ****   * @retval status
 382:Middlewares/ST/STM32_USB_Device_Library/Class/HID/Src/usbd_hid.c ****   */
 383:Middlewares/ST/STM32_USB_Device_Library/Class/HID/Src/usbd_hid.c **** static uint8_t  USBD_HID_Setup (USBD_HandleTypeDef *pdev, 
 384:Middlewares/ST/STM32_USB_Device_Library/Class/HID/Src/usbd_hid.c ****                                 USBD_SetupReqTypedef *req)
 385:Middlewares/ST/STM32_USB_Device_Library/Class/HID/Src/usbd_hid.c **** {
 386:Middlewares/ST/STM32_USB_Device_Library/Class/HID/Src/usbd_hid.c ****   uint16_t len = 0;
 387:Middlewares/ST/STM32_USB_Device_Library/Class/HID/Src/usbd_hid.c ****   uint8_t  *pbuf = NULL;
 388:Middlewares/ST/STM32_USB_Device_Library/Class/HID/Src/usbd_hid.c ****   USBD_HID_HandleTypeDef     *hhid = (USBD_HID_HandleTypeDef*) pdev->pClassData;
 389:Middlewares/ST/STM32_USB_Device_Library/Class/HID/Src/usbd_hid.c ****   
 390:Middlewares/ST/STM32_USB_Device_Library/Class/HID/Src/usbd_hid.c ****   switch (req->bmRequest & USB_REQ_TYPE_MASK)
 391:Middlewares/ST/STM32_USB_Device_Library/Class/HID/Src/usbd_hid.c ****   {
 392:Middlewares/ST/STM32_USB_Device_Library/Class/HID/Src/usbd_hid.c ****   case USB_REQ_TYPE_CLASS :  
 393:Middlewares/ST/STM32_USB_Device_Library/Class/HID/Src/usbd_hid.c ****     switch (req->bRequest)
 394:Middlewares/ST/STM32_USB_Device_Library/Class/HID/Src/usbd_hid.c ****     {
 395:Middlewares/ST/STM32_USB_Device_Library/Class/HID/Src/usbd_hid.c ****       
 396:Middlewares/ST/STM32_USB_Device_Library/Class/HID/Src/usbd_hid.c ****       
 397:Middlewares/ST/STM32_USB_Device_Library/Class/HID/Src/usbd_hid.c ****     case HID_REQ_SET_PROTOCOL:
 398:Middlewares/ST/STM32_USB_Device_Library/Class/HID/Src/usbd_hid.c ****       hhid->Protocol = (uint8_t)(req->wValue);
 399:Middlewares/ST/STM32_USB_Device_Library/Class/HID/Src/usbd_hid.c ****       break;
 400:Middlewares/ST/STM32_USB_Device_Library/Class/HID/Src/usbd_hid.c ****       
 401:Middlewares/ST/STM32_USB_Device_Library/Class/HID/Src/usbd_hid.c ****     case HID_REQ_GET_PROTOCOL:
 402:Middlewares/ST/STM32_USB_Device_Library/Class/HID/Src/usbd_hid.c ****       USBD_CtlSendData (pdev, 
 403:Middlewares/ST/STM32_USB_Device_Library/Class/HID/Src/usbd_hid.c ****                         (uint8_t *)&hhid->Protocol,
 404:Middlewares/ST/STM32_USB_Device_Library/Class/HID/Src/usbd_hid.c ****                         1);    
 405:Middlewares/ST/STM32_USB_Device_Library/Class/HID/Src/usbd_hid.c ****       break;
 406:Middlewares/ST/STM32_USB_Device_Library/Class/HID/Src/usbd_hid.c ****       
 407:Middlewares/ST/STM32_USB_Device_Library/Class/HID/Src/usbd_hid.c ****     case HID_REQ_SET_IDLE:
 408:Middlewares/ST/STM32_USB_Device_Library/Class/HID/Src/usbd_hid.c ****       hhid->IdleState = (uint8_t)(req->wValue >> 8);
 409:Middlewares/ST/STM32_USB_Device_Library/Class/HID/Src/usbd_hid.c ****       break;
 410:Middlewares/ST/STM32_USB_Device_Library/Class/HID/Src/usbd_hid.c ****       
 411:Middlewares/ST/STM32_USB_Device_Library/Class/HID/Src/usbd_hid.c ****     case HID_REQ_GET_IDLE:
 412:Middlewares/ST/STM32_USB_Device_Library/Class/HID/Src/usbd_hid.c ****       USBD_CtlSendData (pdev, 
 413:Middlewares/ST/STM32_USB_Device_Library/Class/HID/Src/usbd_hid.c ****                         (uint8_t *)&hhid->IdleState,
 414:Middlewares/ST/STM32_USB_Device_Library/Class/HID/Src/usbd_hid.c ****                         1);        
 415:Middlewares/ST/STM32_USB_Device_Library/Class/HID/Src/usbd_hid.c ****       break;      
 416:Middlewares/ST/STM32_USB_Device_Library/Class/HID/Src/usbd_hid.c ****       
 417:Middlewares/ST/STM32_USB_Device_Library/Class/HID/Src/usbd_hid.c ****     default:
 418:Middlewares/ST/STM32_USB_Device_Library/Class/HID/Src/usbd_hid.c ****       USBD_CtlError (pdev, req);
 419:Middlewares/ST/STM32_USB_Device_Library/Class/HID/Src/usbd_hid.c ****       return USBD_FAIL; 
 420:Middlewares/ST/STM32_USB_Device_Library/Class/HID/Src/usbd_hid.c ****     }
 421:Middlewares/ST/STM32_USB_Device_Library/Class/HID/Src/usbd_hid.c ****     break;
 422:Middlewares/ST/STM32_USB_Device_Library/Class/HID/Src/usbd_hid.c ****     
 423:Middlewares/ST/STM32_USB_Device_Library/Class/HID/Src/usbd_hid.c ****   case USB_REQ_TYPE_STANDARD:
 424:Middlewares/ST/STM32_USB_Device_Library/Class/HID/Src/usbd_hid.c ****     switch (req->bRequest)
 425:Middlewares/ST/STM32_USB_Device_Library/Class/HID/Src/usbd_hid.c ****     {
 426:Middlewares/ST/STM32_USB_Device_Library/Class/HID/Src/usbd_hid.c ****     case USB_REQ_GET_DESCRIPTOR: 
 427:Middlewares/ST/STM32_USB_Device_Library/Class/HID/Src/usbd_hid.c ****       if( req->wValue >> 8 == HID_REPORT_DESC)
 428:Middlewares/ST/STM32_USB_Device_Library/Class/HID/Src/usbd_hid.c ****       {
 429:Middlewares/ST/STM32_USB_Device_Library/Class/HID/Src/usbd_hid.c ****         len = MIN(HID_CUSTOM_REPORT_DESC_SIZE , req->wLength);
 430:Middlewares/ST/STM32_USB_Device_Library/Class/HID/Src/usbd_hid.c ****         pbuf = HID_CUSTOM_ReportDesc;
 431:Middlewares/ST/STM32_USB_Device_Library/Class/HID/Src/usbd_hid.c ****       }
ARM GAS  /tmp/ccxqWp5V.s 			page 9


 432:Middlewares/ST/STM32_USB_Device_Library/Class/HID/Src/usbd_hid.c ****       else if( req->wValue >> 8 == HID_DESCRIPTOR_TYPE)
 433:Middlewares/ST/STM32_USB_Device_Library/Class/HID/Src/usbd_hid.c ****       {
 434:Middlewares/ST/STM32_USB_Device_Library/Class/HID/Src/usbd_hid.c ****         pbuf = USBD_HID_Desc;   
 435:Middlewares/ST/STM32_USB_Device_Library/Class/HID/Src/usbd_hid.c ****         len = MIN(USB_HID_DESC_SIZ , req->wLength);
 436:Middlewares/ST/STM32_USB_Device_Library/Class/HID/Src/usbd_hid.c ****       }
 437:Middlewares/ST/STM32_USB_Device_Library/Class/HID/Src/usbd_hid.c ****       
 438:Middlewares/ST/STM32_USB_Device_Library/Class/HID/Src/usbd_hid.c ****       USBD_CtlSendData (pdev, 
 439:Middlewares/ST/STM32_USB_Device_Library/Class/HID/Src/usbd_hid.c ****                         pbuf,
 440:Middlewares/ST/STM32_USB_Device_Library/Class/HID/Src/usbd_hid.c ****                         len);
 441:Middlewares/ST/STM32_USB_Device_Library/Class/HID/Src/usbd_hid.c ****       
 442:Middlewares/ST/STM32_USB_Device_Library/Class/HID/Src/usbd_hid.c ****       break;
 443:Middlewares/ST/STM32_USB_Device_Library/Class/HID/Src/usbd_hid.c ****       
 444:Middlewares/ST/STM32_USB_Device_Library/Class/HID/Src/usbd_hid.c ****     case USB_REQ_GET_INTERFACE :
 445:Middlewares/ST/STM32_USB_Device_Library/Class/HID/Src/usbd_hid.c ****       USBD_CtlSendData (pdev,
 446:Middlewares/ST/STM32_USB_Device_Library/Class/HID/Src/usbd_hid.c ****                         (uint8_t *)&hhid->AltSetting,
 447:Middlewares/ST/STM32_USB_Device_Library/Class/HID/Src/usbd_hid.c ****                         1);
 448:Middlewares/ST/STM32_USB_Device_Library/Class/HID/Src/usbd_hid.c ****       break;
 449:Middlewares/ST/STM32_USB_Device_Library/Class/HID/Src/usbd_hid.c ****       
 450:Middlewares/ST/STM32_USB_Device_Library/Class/HID/Src/usbd_hid.c ****     case USB_REQ_SET_INTERFACE :
 451:Middlewares/ST/STM32_USB_Device_Library/Class/HID/Src/usbd_hid.c ****       hhid->AltSetting = (uint8_t)(req->wValue);
 452:Middlewares/ST/STM32_USB_Device_Library/Class/HID/Src/usbd_hid.c ****       break;
 453:Middlewares/ST/STM32_USB_Device_Library/Class/HID/Src/usbd_hid.c ****     }
 454:Middlewares/ST/STM32_USB_Device_Library/Class/HID/Src/usbd_hid.c ****   }
 455:Middlewares/ST/STM32_USB_Device_Library/Class/HID/Src/usbd_hid.c ****   return USBD_OK;
 456:Middlewares/ST/STM32_USB_Device_Library/Class/HID/Src/usbd_hid.c **** }
 457:Middlewares/ST/STM32_USB_Device_Library/Class/HID/Src/usbd_hid.c **** 
 458:Middlewares/ST/STM32_USB_Device_Library/Class/HID/Src/usbd_hid.c **** /**
 459:Middlewares/ST/STM32_USB_Device_Library/Class/HID/Src/usbd_hid.c ****   * @brief  USBD_HID_SendReport 
 460:Middlewares/ST/STM32_USB_Device_Library/Class/HID/Src/usbd_hid.c ****   *         Send HID Report
 461:Middlewares/ST/STM32_USB_Device_Library/Class/HID/Src/usbd_hid.c ****   * @param  pdev: device instance
 462:Middlewares/ST/STM32_USB_Device_Library/Class/HID/Src/usbd_hid.c ****   * @param  buff: pointer to report
 463:Middlewares/ST/STM32_USB_Device_Library/Class/HID/Src/usbd_hid.c ****   * @retval status
 464:Middlewares/ST/STM32_USB_Device_Library/Class/HID/Src/usbd_hid.c ****   */
 465:Middlewares/ST/STM32_USB_Device_Library/Class/HID/Src/usbd_hid.c **** uint8_t USBD_HID_SendReport     (USBD_HandleTypeDef  *pdev, 
 466:Middlewares/ST/STM32_USB_Device_Library/Class/HID/Src/usbd_hid.c ****                                  uint8_t *report,
 467:Middlewares/ST/STM32_USB_Device_Library/Class/HID/Src/usbd_hid.c ****                                  uint16_t len)
 468:Middlewares/ST/STM32_USB_Device_Library/Class/HID/Src/usbd_hid.c **** {
 469:Middlewares/ST/STM32_USB_Device_Library/Class/HID/Src/usbd_hid.c ****   USBD_HID_HandleTypeDef     *hhid = (USBD_HID_HandleTypeDef*)pdev->pClassData;
 470:Middlewares/ST/STM32_USB_Device_Library/Class/HID/Src/usbd_hid.c ****   
 471:Middlewares/ST/STM32_USB_Device_Library/Class/HID/Src/usbd_hid.c ****   if (pdev->dev_state == USBD_STATE_CONFIGURED )
 472:Middlewares/ST/STM32_USB_Device_Library/Class/HID/Src/usbd_hid.c ****   {
 473:Middlewares/ST/STM32_USB_Device_Library/Class/HID/Src/usbd_hid.c ****     if(hhid->state == HID_IDLE)
 474:Middlewares/ST/STM32_USB_Device_Library/Class/HID/Src/usbd_hid.c ****     {
 475:Middlewares/ST/STM32_USB_Device_Library/Class/HID/Src/usbd_hid.c ****       hhid->state = HID_BUSY;
 476:Middlewares/ST/STM32_USB_Device_Library/Class/HID/Src/usbd_hid.c ****       USBD_LL_Transmit (pdev, 
 477:Middlewares/ST/STM32_USB_Device_Library/Class/HID/Src/usbd_hid.c ****                         HID_EPIN_ADDR,                                      
 478:Middlewares/ST/STM32_USB_Device_Library/Class/HID/Src/usbd_hid.c ****                         report,
 479:Middlewares/ST/STM32_USB_Device_Library/Class/HID/Src/usbd_hid.c ****                         len);
 480:Middlewares/ST/STM32_USB_Device_Library/Class/HID/Src/usbd_hid.c ****     }
 481:Middlewares/ST/STM32_USB_Device_Library/Class/HID/Src/usbd_hid.c ****   }
 482:Middlewares/ST/STM32_USB_Device_Library/Class/HID/Src/usbd_hid.c ****   return USBD_OK;
 483:Middlewares/ST/STM32_USB_Device_Library/Class/HID/Src/usbd_hid.c **** }
 484:Middlewares/ST/STM32_USB_Device_Library/Class/HID/Src/usbd_hid.c **** 
 485:Middlewares/ST/STM32_USB_Device_Library/Class/HID/Src/usbd_hid.c **** /**
 486:Middlewares/ST/STM32_USB_Device_Library/Class/HID/Src/usbd_hid.c ****   * @brief  USBD_HID_GetPollingInterval 
 487:Middlewares/ST/STM32_USB_Device_Library/Class/HID/Src/usbd_hid.c ****   *         return polling interval from endpoint descriptor
 488:Middlewares/ST/STM32_USB_Device_Library/Class/HID/Src/usbd_hid.c ****   * @param  pdev: device instance
ARM GAS  /tmp/ccxqWp5V.s 			page 10


 489:Middlewares/ST/STM32_USB_Device_Library/Class/HID/Src/usbd_hid.c ****   * @retval polling interval
 490:Middlewares/ST/STM32_USB_Device_Library/Class/HID/Src/usbd_hid.c ****   */
 491:Middlewares/ST/STM32_USB_Device_Library/Class/HID/Src/usbd_hid.c **** uint32_t USBD_HID_GetPollingInterval (USBD_HandleTypeDef *pdev)
 492:Middlewares/ST/STM32_USB_Device_Library/Class/HID/Src/usbd_hid.c **** {
 493:Middlewares/ST/STM32_USB_Device_Library/Class/HID/Src/usbd_hid.c ****   uint32_t polling_interval = 0;
 494:Middlewares/ST/STM32_USB_Device_Library/Class/HID/Src/usbd_hid.c **** 
 495:Middlewares/ST/STM32_USB_Device_Library/Class/HID/Src/usbd_hid.c ****   /* HIGH-speed endpoints */
 496:Middlewares/ST/STM32_USB_Device_Library/Class/HID/Src/usbd_hid.c ****   if(pdev->dev_speed == USBD_SPEED_HIGH)
 497:Middlewares/ST/STM32_USB_Device_Library/Class/HID/Src/usbd_hid.c ****   {
 498:Middlewares/ST/STM32_USB_Device_Library/Class/HID/Src/usbd_hid.c ****    /* Sets the data transfer polling interval for high speed transfers. 
 499:Middlewares/ST/STM32_USB_Device_Library/Class/HID/Src/usbd_hid.c ****     Values between 1..16 are allowed. Values correspond to interval 
 500:Middlewares/ST/STM32_USB_Device_Library/Class/HID/Src/usbd_hid.c ****     of 2 ^ (bInterval-1). This option (8 ms, corresponds to HID_HS_BINTERVAL */
 501:Middlewares/ST/STM32_USB_Device_Library/Class/HID/Src/usbd_hid.c ****     polling_interval = (((1 <<(HID_HS_BINTERVAL - 1)))/8);
 502:Middlewares/ST/STM32_USB_Device_Library/Class/HID/Src/usbd_hid.c ****   }
 503:Middlewares/ST/STM32_USB_Device_Library/Class/HID/Src/usbd_hid.c ****   else   /* LOW and FULL-speed endpoints */
 504:Middlewares/ST/STM32_USB_Device_Library/Class/HID/Src/usbd_hid.c ****   {
 505:Middlewares/ST/STM32_USB_Device_Library/Class/HID/Src/usbd_hid.c ****     /* Sets the data transfer polling interval for low and full 
 506:Middlewares/ST/STM32_USB_Device_Library/Class/HID/Src/usbd_hid.c ****     speed transfers */
 507:Middlewares/ST/STM32_USB_Device_Library/Class/HID/Src/usbd_hid.c ****     polling_interval =  HID_FS_BINTERVAL;
 508:Middlewares/ST/STM32_USB_Device_Library/Class/HID/Src/usbd_hid.c ****   }
 509:Middlewares/ST/STM32_USB_Device_Library/Class/HID/Src/usbd_hid.c ****   
 510:Middlewares/ST/STM32_USB_Device_Library/Class/HID/Src/usbd_hid.c ****   return ((uint32_t)(polling_interval));
 511:Middlewares/ST/STM32_USB_Device_Library/Class/HID/Src/usbd_hid.c **** }
 512:Middlewares/ST/STM32_USB_Device_Library/Class/HID/Src/usbd_hid.c **** 
 513:Middlewares/ST/STM32_USB_Device_Library/Class/HID/Src/usbd_hid.c **** /**
 514:Middlewares/ST/STM32_USB_Device_Library/Class/HID/Src/usbd_hid.c ****   * @brief  USBD_HID_GetCfgDesc 
 515:Middlewares/ST/STM32_USB_Device_Library/Class/HID/Src/usbd_hid.c ****   *         return configuration descriptor
 516:Middlewares/ST/STM32_USB_Device_Library/Class/HID/Src/usbd_hid.c ****   * @param  speed : current device speed
 517:Middlewares/ST/STM32_USB_Device_Library/Class/HID/Src/usbd_hid.c ****   * @param  length : pointer data length
 518:Middlewares/ST/STM32_USB_Device_Library/Class/HID/Src/usbd_hid.c ****   * @retval pointer to descriptor buffer
 519:Middlewares/ST/STM32_USB_Device_Library/Class/HID/Src/usbd_hid.c ****   */
 520:Middlewares/ST/STM32_USB_Device_Library/Class/HID/Src/usbd_hid.c **** static uint8_t  *USBD_HID_GetCfgDesc (uint16_t *length)
 521:Middlewares/ST/STM32_USB_Device_Library/Class/HID/Src/usbd_hid.c **** {
  27              		.loc 1 521 1 view -0
  28              		.cfi_startproc
  29              		@ args = 0, pretend = 0, frame = 0
  30              		@ frame_needed = 0, uses_anonymous_args = 0
  31              		@ link register save eliminated.
 522:Middlewares/ST/STM32_USB_Device_Library/Class/HID/Src/usbd_hid.c ****   *length = sizeof (USBD_HID_CfgDesc);
  32              		.loc 1 522 3 view .LVU1
  33              		.loc 1 522 11 is_stmt 0 view .LVU2
  34 0000 2223     		movs	r3, #34
  35 0002 0380     		strh	r3, [r0]
 523:Middlewares/ST/STM32_USB_Device_Library/Class/HID/Src/usbd_hid.c ****   return USBD_HID_CfgDesc;
  36              		.loc 1 523 3 is_stmt 1 view .LVU3
 524:Middlewares/ST/STM32_USB_Device_Library/Class/HID/Src/usbd_hid.c **** }
  37              		.loc 1 524 1 is_stmt 0 view .LVU4
  38 0004 0048     		ldr	r0, .L2
  39              	.LVL1:
  40              		.loc 1 524 1 view .LVU5
  41              		@ sp needed
  42 0006 7047     		bx	lr
  43              	.L3:
  44              		.align	2
  45              	.L2:
  46 0008 00000000 		.word	.LANCHOR0
  47              		.cfi_endproc
ARM GAS  /tmp/ccxqWp5V.s 			page 11


  48              	.LFE42:
  50              		.section	.text.USBD_HID_DataIn,"ax",%progbits
  51              		.align	1
  52              		.syntax unified
  53              		.code	16
  54              		.thumb_func
  55              		.fpu softvfp
  57              	USBD_HID_DataIn:
  58              	.LVL2:
  59              	.LFB43:
 525:Middlewares/ST/STM32_USB_Device_Library/Class/HID/Src/usbd_hid.c **** 
 526:Middlewares/ST/STM32_USB_Device_Library/Class/HID/Src/usbd_hid.c **** 
 527:Middlewares/ST/STM32_USB_Device_Library/Class/HID/Src/usbd_hid.c **** /**
 528:Middlewares/ST/STM32_USB_Device_Library/Class/HID/Src/usbd_hid.c ****   * @brief  USBD_HID_DataIn
 529:Middlewares/ST/STM32_USB_Device_Library/Class/HID/Src/usbd_hid.c ****   *         handle data IN Stage
 530:Middlewares/ST/STM32_USB_Device_Library/Class/HID/Src/usbd_hid.c ****   * @param  pdev: device instance
 531:Middlewares/ST/STM32_USB_Device_Library/Class/HID/Src/usbd_hid.c ****   * @param  epnum: endpoint index
 532:Middlewares/ST/STM32_USB_Device_Library/Class/HID/Src/usbd_hid.c ****   * @retval status
 533:Middlewares/ST/STM32_USB_Device_Library/Class/HID/Src/usbd_hid.c ****   */
 534:Middlewares/ST/STM32_USB_Device_Library/Class/HID/Src/usbd_hid.c **** static uint8_t  USBD_HID_DataIn (USBD_HandleTypeDef *pdev, 
 535:Middlewares/ST/STM32_USB_Device_Library/Class/HID/Src/usbd_hid.c ****                               uint8_t epnum)
 536:Middlewares/ST/STM32_USB_Device_Library/Class/HID/Src/usbd_hid.c **** {
  60              		.loc 1 536 1 is_stmt 1 view -0
  61              		.cfi_startproc
  62              		@ args = 0, pretend = 0, frame = 0
  63              		@ frame_needed = 0, uses_anonymous_args = 0
  64              		@ link register save eliminated.
 537:Middlewares/ST/STM32_USB_Device_Library/Class/HID/Src/usbd_hid.c ****   
 538:Middlewares/ST/STM32_USB_Device_Library/Class/HID/Src/usbd_hid.c ****   /* Ensure that the FIFO is empty before a new transfer, this condition could 
 539:Middlewares/ST/STM32_USB_Device_Library/Class/HID/Src/usbd_hid.c ****   be caused by  a new transfer before the end of the previous transfer */
 540:Middlewares/ST/STM32_USB_Device_Library/Class/HID/Src/usbd_hid.c ****   ((USBD_HID_HandleTypeDef *)pdev->pClassData)->state = HID_IDLE;
  65              		.loc 1 540 3 view .LVU7
  66              		.loc 1 540 34 is_stmt 0 view .LVU8
  67 0000 8623     		movs	r3, #134
  68 0002 9B00     		lsls	r3, r3, #2
  69 0004 C358     		ldr	r3, [r0, r3]
  70              		.loc 1 540 55 view .LVU9
  71 0006 0022     		movs	r2, #0
  72 0008 1A73     		strb	r2, [r3, #12]
 541:Middlewares/ST/STM32_USB_Device_Library/Class/HID/Src/usbd_hid.c ****   return USBD_OK;
  73              		.loc 1 541 3 is_stmt 1 view .LVU10
 542:Middlewares/ST/STM32_USB_Device_Library/Class/HID/Src/usbd_hid.c **** }
  74              		.loc 1 542 1 is_stmt 0 view .LVU11
  75 000a 0020     		movs	r0, #0
  76              	.LVL3:
  77              		.loc 1 542 1 view .LVU12
  78              		@ sp needed
  79 000c 7047     		bx	lr
  80              		.cfi_endproc
  81              	.LFE43:
  83              		.section	.text.USBD_HID_GetDeviceQualifierDesc,"ax",%progbits
  84              		.align	1
  85              		.syntax unified
  86              		.code	16
  87              		.thumb_func
  88              		.fpu softvfp
  90              	USBD_HID_GetDeviceQualifierDesc:
ARM GAS  /tmp/ccxqWp5V.s 			page 12


  91              	.LVL4:
  92              	.LFB44:
 543:Middlewares/ST/STM32_USB_Device_Library/Class/HID/Src/usbd_hid.c **** 
 544:Middlewares/ST/STM32_USB_Device_Library/Class/HID/Src/usbd_hid.c **** 
 545:Middlewares/ST/STM32_USB_Device_Library/Class/HID/Src/usbd_hid.c **** /**
 546:Middlewares/ST/STM32_USB_Device_Library/Class/HID/Src/usbd_hid.c **** * @brief  DeviceQualifierDescriptor 
 547:Middlewares/ST/STM32_USB_Device_Library/Class/HID/Src/usbd_hid.c **** *         return Device Qualifier descriptor
 548:Middlewares/ST/STM32_USB_Device_Library/Class/HID/Src/usbd_hid.c **** * @param  length : pointer data length
 549:Middlewares/ST/STM32_USB_Device_Library/Class/HID/Src/usbd_hid.c **** * @retval pointer to descriptor buffer
 550:Middlewares/ST/STM32_USB_Device_Library/Class/HID/Src/usbd_hid.c **** */
 551:Middlewares/ST/STM32_USB_Device_Library/Class/HID/Src/usbd_hid.c **** static uint8_t  *USBD_HID_GetDeviceQualifierDesc (uint16_t *length)
 552:Middlewares/ST/STM32_USB_Device_Library/Class/HID/Src/usbd_hid.c **** {
  93              		.loc 1 552 1 is_stmt 1 view -0
  94              		.cfi_startproc
  95              		@ args = 0, pretend = 0, frame = 0
  96              		@ frame_needed = 0, uses_anonymous_args = 0
  97              		@ link register save eliminated.
 553:Middlewares/ST/STM32_USB_Device_Library/Class/HID/Src/usbd_hid.c ****   *length = sizeof (USBD_HID_DeviceQualifierDesc);
  98              		.loc 1 553 3 view .LVU14
  99              		.loc 1 553 11 is_stmt 0 view .LVU15
 100 0000 0A23     		movs	r3, #10
 101 0002 0380     		strh	r3, [r0]
 554:Middlewares/ST/STM32_USB_Device_Library/Class/HID/Src/usbd_hid.c ****   return USBD_HID_DeviceQualifierDesc;
 102              		.loc 1 554 3 is_stmt 1 view .LVU16
 555:Middlewares/ST/STM32_USB_Device_Library/Class/HID/Src/usbd_hid.c **** }
 103              		.loc 1 555 1 is_stmt 0 view .LVU17
 104 0004 0048     		ldr	r0, .L6
 105              	.LVL5:
 106              		.loc 1 555 1 view .LVU18
 107              		@ sp needed
 108 0006 7047     		bx	lr
 109              	.L7:
 110              		.align	2
 111              	.L6:
 112 0008 00000000 		.word	.LANCHOR1
 113              		.cfi_endproc
 114              	.LFE44:
 116              		.section	.text.USBD_HID_Setup,"ax",%progbits
 117              		.align	1
 118              		.syntax unified
 119              		.code	16
 120              		.thumb_func
 121              		.fpu softvfp
 123              	USBD_HID_Setup:
 124              	.LVL6:
 125              	.LFB39:
 385:Middlewares/ST/STM32_USB_Device_Library/Class/HID/Src/usbd_hid.c ****   uint16_t len = 0;
 126              		.loc 1 385 1 is_stmt 1 view -0
 127              		.cfi_startproc
 128              		@ args = 0, pretend = 0, frame = 0
 129              		@ frame_needed = 0, uses_anonymous_args = 0
 385:Middlewares/ST/STM32_USB_Device_Library/Class/HID/Src/usbd_hid.c ****   uint16_t len = 0;
 130              		.loc 1 385 1 is_stmt 0 view .LVU20
 131 0000 70B5     		push	{r4, r5, r6, lr}
 132              	.LCFI0:
 133              		.cfi_def_cfa_offset 16
 134              		.cfi_offset 4, -16
ARM GAS  /tmp/ccxqWp5V.s 			page 13


 135              		.cfi_offset 5, -12
 136              		.cfi_offset 6, -8
 137              		.cfi_offset 14, -4
 386:Middlewares/ST/STM32_USB_Device_Library/Class/HID/Src/usbd_hid.c ****   uint8_t  *pbuf = NULL;
 138              		.loc 1 386 3 is_stmt 1 view .LVU21
 139              	.LVL7:
 387:Middlewares/ST/STM32_USB_Device_Library/Class/HID/Src/usbd_hid.c ****   USBD_HID_HandleTypeDef     *hhid = (USBD_HID_HandleTypeDef*) pdev->pClassData;
 140              		.loc 1 387 3 view .LVU22
 388:Middlewares/ST/STM32_USB_Device_Library/Class/HID/Src/usbd_hid.c ****   
 141              		.loc 1 388 3 view .LVU23
 388:Middlewares/ST/STM32_USB_Device_Library/Class/HID/Src/usbd_hid.c ****   
 142              		.loc 1 388 31 is_stmt 0 view .LVU24
 143 0002 8623     		movs	r3, #134
 144 0004 9B00     		lsls	r3, r3, #2
 145 0006 C558     		ldr	r5, [r0, r3]
 146              	.LVL8:
 390:Middlewares/ST/STM32_USB_Device_Library/Class/HID/Src/usbd_hid.c ****   {
 147              		.loc 1 390 3 is_stmt 1 view .LVU25
 390:Middlewares/ST/STM32_USB_Device_Library/Class/HID/Src/usbd_hid.c ****   {
 148              		.loc 1 390 14 is_stmt 0 view .LVU26
 149 0008 0B78     		ldrb	r3, [r1]
 150 000a 6022     		movs	r2, #96
 151 000c 1400     		movs	r4, r2
 152 000e 1C40     		ands	r4, r3
 390:Middlewares/ST/STM32_USB_Device_Library/Class/HID/Src/usbd_hid.c ****   {
 153              		.loc 1 390 3 view .LVU27
 154 0010 1A42     		tst	r2, r3
 155 0012 24D0     		beq	.L9
 156 0014 202C     		cmp	r4, #32
 157 0016 4DD1     		bne	.L22
 393:Middlewares/ST/STM32_USB_Device_Library/Class/HID/Src/usbd_hid.c ****     {
 158              		.loc 1 393 5 is_stmt 1 view .LVU28
 393:Middlewares/ST/STM32_USB_Device_Library/Class/HID/Src/usbd_hid.c ****     {
 159              		.loc 1 393 16 is_stmt 0 view .LVU29
 160 0018 4B78     		ldrb	r3, [r1, #1]
 161 001a 0A2B     		cmp	r3, #10
 162 001c 10D0     		beq	.L11
 163 001e 09D8     		bhi	.L12
 164 0020 022B     		cmp	r3, #2
 165 0022 12D0     		beq	.L13
 166 0024 032B     		cmp	r3, #3
 167 0026 16D1     		bne	.L15
 402:Middlewares/ST/STM32_USB_Device_Library/Class/HID/Src/usbd_hid.c ****                         (uint8_t *)&hhid->Protocol,
 168              		.loc 1 402 7 is_stmt 1 view .LVU30
 169 0028 0122     		movs	r2, #1
 170 002a 2900     		movs	r1, r5
 171              	.LVL9:
 402:Middlewares/ST/STM32_USB_Device_Library/Class/HID/Src/usbd_hid.c ****                         (uint8_t *)&hhid->Protocol,
 172              		.loc 1 402 7 is_stmt 0 view .LVU31
 173 002c FFF7FEFF 		bl	USBD_CtlSendData
 174              	.LVL10:
 405:Middlewares/ST/STM32_USB_Device_Library/Class/HID/Src/usbd_hid.c ****       
 175              		.loc 1 405 7 is_stmt 1 view .LVU32
 455:Middlewares/ST/STM32_USB_Device_Library/Class/HID/Src/usbd_hid.c **** }
 176              		.loc 1 455 10 is_stmt 0 view .LVU33
 177 0030 0024     		movs	r4, #0
 405:Middlewares/ST/STM32_USB_Device_Library/Class/HID/Src/usbd_hid.c ****       
ARM GAS  /tmp/ccxqWp5V.s 			page 14


 178              		.loc 1 405 7 view .LVU34
 179 0032 40E0     		b	.L10
 180              	.LVL11:
 181              	.L12:
 405:Middlewares/ST/STM32_USB_Device_Library/Class/HID/Src/usbd_hid.c ****       
 182              		.loc 1 405 7 view .LVU35
 183 0034 0B2B     		cmp	r3, #11
 184 0036 0ED1     		bne	.L15
 398:Middlewares/ST/STM32_USB_Device_Library/Class/HID/Src/usbd_hid.c ****       break;
 185              		.loc 1 398 7 is_stmt 1 view .LVU36
 398:Middlewares/ST/STM32_USB_Device_Library/Class/HID/Src/usbd_hid.c ****       break;
 186              		.loc 1 398 24 is_stmt 0 view .LVU37
 187 0038 8B78     		ldrb	r3, [r1, #2]
 398:Middlewares/ST/STM32_USB_Device_Library/Class/HID/Src/usbd_hid.c ****       break;
 188              		.loc 1 398 22 view .LVU38
 189 003a 2B60     		str	r3, [r5]
 399:Middlewares/ST/STM32_USB_Device_Library/Class/HID/Src/usbd_hid.c ****       
 190              		.loc 1 399 7 is_stmt 1 view .LVU39
 455:Middlewares/ST/STM32_USB_Device_Library/Class/HID/Src/usbd_hid.c **** }
 191              		.loc 1 455 10 is_stmt 0 view .LVU40
 192 003c 0024     		movs	r4, #0
 399:Middlewares/ST/STM32_USB_Device_Library/Class/HID/Src/usbd_hid.c ****       
 193              		.loc 1 399 7 view .LVU41
 194 003e 3AE0     		b	.L10
 195              	.L11:
 408:Middlewares/ST/STM32_USB_Device_Library/Class/HID/Src/usbd_hid.c ****       break;
 196              		.loc 1 408 7 is_stmt 1 view .LVU42
 408:Middlewares/ST/STM32_USB_Device_Library/Class/HID/Src/usbd_hid.c ****       break;
 197              		.loc 1 408 38 is_stmt 0 view .LVU43
 198 0040 4B88     		ldrh	r3, [r1, #2]
 408:Middlewares/ST/STM32_USB_Device_Library/Class/HID/Src/usbd_hid.c ****       break;
 199              		.loc 1 408 25 view .LVU44
 200 0042 1B0A     		lsrs	r3, r3, #8
 408:Middlewares/ST/STM32_USB_Device_Library/Class/HID/Src/usbd_hid.c ****       break;
 201              		.loc 1 408 23 view .LVU45
 202 0044 6B60     		str	r3, [r5, #4]
 409:Middlewares/ST/STM32_USB_Device_Library/Class/HID/Src/usbd_hid.c ****       
 203              		.loc 1 409 7 is_stmt 1 view .LVU46
 455:Middlewares/ST/STM32_USB_Device_Library/Class/HID/Src/usbd_hid.c **** }
 204              		.loc 1 455 10 is_stmt 0 view .LVU47
 205 0046 0024     		movs	r4, #0
 409:Middlewares/ST/STM32_USB_Device_Library/Class/HID/Src/usbd_hid.c ****       
 206              		.loc 1 409 7 view .LVU48
 207 0048 35E0     		b	.L10
 208              	.L13:
 412:Middlewares/ST/STM32_USB_Device_Library/Class/HID/Src/usbd_hid.c ****                         (uint8_t *)&hhid->IdleState,
 209              		.loc 1 412 7 is_stmt 1 view .LVU49
 413:Middlewares/ST/STM32_USB_Device_Library/Class/HID/Src/usbd_hid.c ****                         1);        
 210              		.loc 1 413 36 is_stmt 0 view .LVU50
 211 004a 291D     		adds	r1, r5, #4
 212              	.LVL12:
 412:Middlewares/ST/STM32_USB_Device_Library/Class/HID/Src/usbd_hid.c ****                         (uint8_t *)&hhid->IdleState,
 213              		.loc 1 412 7 view .LVU51
 214 004c 0122     		movs	r2, #1
 215 004e FFF7FEFF 		bl	USBD_CtlSendData
 216              	.LVL13:
 415:Middlewares/ST/STM32_USB_Device_Library/Class/HID/Src/usbd_hid.c ****       
ARM GAS  /tmp/ccxqWp5V.s 			page 15


 217              		.loc 1 415 7 is_stmt 1 view .LVU52
 455:Middlewares/ST/STM32_USB_Device_Library/Class/HID/Src/usbd_hid.c **** }
 218              		.loc 1 455 10 is_stmt 0 view .LVU53
 219 0052 0024     		movs	r4, #0
 415:Middlewares/ST/STM32_USB_Device_Library/Class/HID/Src/usbd_hid.c ****       
 220              		.loc 1 415 7 view .LVU54
 221 0054 2FE0     		b	.L10
 222              	.LVL14:
 223              	.L15:
 418:Middlewares/ST/STM32_USB_Device_Library/Class/HID/Src/usbd_hid.c ****       return USBD_FAIL; 
 224              		.loc 1 418 7 is_stmt 1 view .LVU55
 225 0056 FFF7FEFF 		bl	USBD_CtlError
 226              	.LVL15:
 419:Middlewares/ST/STM32_USB_Device_Library/Class/HID/Src/usbd_hid.c ****     }
 227              		.loc 1 419 7 view .LVU56
 419:Middlewares/ST/STM32_USB_Device_Library/Class/HID/Src/usbd_hid.c ****     }
 228              		.loc 1 419 14 is_stmt 0 view .LVU57
 229 005a 0224     		movs	r4, #2
 230 005c 2BE0     		b	.L10
 231              	.LVL16:
 232              	.L9:
 424:Middlewares/ST/STM32_USB_Device_Library/Class/HID/Src/usbd_hid.c ****     {
 233              		.loc 1 424 5 is_stmt 1 view .LVU58
 424:Middlewares/ST/STM32_USB_Device_Library/Class/HID/Src/usbd_hid.c ****     {
 234              		.loc 1 424 16 is_stmt 0 view .LVU59
 235 005e 4B78     		ldrb	r3, [r1, #1]
 236 0060 0A2B     		cmp	r3, #10
 237 0062 1ED0     		beq	.L16
 238 0064 0B2B     		cmp	r3, #11
 239 0066 22D0     		beq	.L17
 240 0068 062B     		cmp	r3, #6
 241 006a 24D1     		bne	.L10
 427:Middlewares/ST/STM32_USB_Device_Library/Class/HID/Src/usbd_hid.c ****       {
 242              		.loc 1 427 7 is_stmt 1 view .LVU60
 427:Middlewares/ST/STM32_USB_Device_Library/Class/HID/Src/usbd_hid.c ****       {
 243              		.loc 1 427 14 is_stmt 0 view .LVU61
 244 006c 4B88     		ldrh	r3, [r1, #2]
 427:Middlewares/ST/STM32_USB_Device_Library/Class/HID/Src/usbd_hid.c ****       {
 245              		.loc 1 427 28 view .LVU62
 246 006e 1B0A     		lsrs	r3, r3, #8
 427:Middlewares/ST/STM32_USB_Device_Library/Class/HID/Src/usbd_hid.c ****       {
 247              		.loc 1 427 9 view .LVU63
 248 0070 222B     		cmp	r3, #34
 249 0072 06D0     		beq	.L24
 432:Middlewares/ST/STM32_USB_Device_Library/Class/HID/Src/usbd_hid.c ****       {
 250              		.loc 1 432 12 is_stmt 1 view .LVU64
 432:Middlewares/ST/STM32_USB_Device_Library/Class/HID/Src/usbd_hid.c ****       {
 251              		.loc 1 432 14 is_stmt 0 view .LVU65
 252 0074 212B     		cmp	r3, #33
 253 0076 0CD0     		beq	.L25
 387:Middlewares/ST/STM32_USB_Device_Library/Class/HID/Src/usbd_hid.c ****   USBD_HID_HandleTypeDef     *hhid = (USBD_HID_HandleTypeDef*) pdev->pClassData;
 254              		.loc 1 387 13 view .LVU66
 255 0078 0021     		movs	r1, #0
 256              	.LVL17:
 386:Middlewares/ST/STM32_USB_Device_Library/Class/HID/Src/usbd_hid.c ****   uint8_t  *pbuf = NULL;
 257              		.loc 1 386 12 view .LVU67
 258 007a 0022     		movs	r2, #0
ARM GAS  /tmp/ccxqWp5V.s 			page 16


 259              	.LVL18:
 260              	.L20:
 438:Middlewares/ST/STM32_USB_Device_Library/Class/HID/Src/usbd_hid.c ****                         pbuf,
 261              		.loc 1 438 7 is_stmt 1 view .LVU68
 262 007c FFF7FEFF 		bl	USBD_CtlSendData
 263              	.LVL19:
 442:Middlewares/ST/STM32_USB_Device_Library/Class/HID/Src/usbd_hid.c ****       
 264              		.loc 1 442 7 view .LVU69
 265 0080 19E0     		b	.L10
 266              	.LVL20:
 267              	.L24:
 429:Middlewares/ST/STM32_USB_Device_Library/Class/HID/Src/usbd_hid.c ****         pbuf = HID_CUSTOM_ReportDesc;
 268              		.loc 1 429 9 view .LVU70
 429:Middlewares/ST/STM32_USB_Device_Library/Class/HID/Src/usbd_hid.c ****         pbuf = HID_CUSTOM_ReportDesc;
 269              		.loc 1 429 15 is_stmt 0 view .LVU71
 270 0082 CB88     		ldrh	r3, [r1, #6]
 429:Middlewares/ST/STM32_USB_Device_Library/Class/HID/Src/usbd_hid.c ****         pbuf = HID_CUSTOM_ReportDesc;
 271              		.loc 1 429 13 view .LVU72
 272 0084 1A1C     		adds	r2, r3, #0
 273 0086 4E2B     		cmp	r3, #78
 274 0088 00D9     		bls	.L19
 275 008a 4E22     		movs	r2, #78
 276              	.L19:
 277 008c 92B2     		uxth	r2, r2
 278              	.LVL21:
 430:Middlewares/ST/STM32_USB_Device_Library/Class/HID/Src/usbd_hid.c ****       }
 279              		.loc 1 430 9 is_stmt 1 view .LVU73
 430:Middlewares/ST/STM32_USB_Device_Library/Class/HID/Src/usbd_hid.c ****       }
 280              		.loc 1 430 14 is_stmt 0 view .LVU74
 281 008e 0B49     		ldr	r1, .L26
 282              	.LVL22:
 430:Middlewares/ST/STM32_USB_Device_Library/Class/HID/Src/usbd_hid.c ****       }
 283              		.loc 1 430 14 view .LVU75
 284 0090 F4E7     		b	.L20
 285              	.LVL23:
 286              	.L25:
 434:Middlewares/ST/STM32_USB_Device_Library/Class/HID/Src/usbd_hid.c ****         len = MIN(USB_HID_DESC_SIZ , req->wLength);
 287              		.loc 1 434 9 is_stmt 1 view .LVU76
 435:Middlewares/ST/STM32_USB_Device_Library/Class/HID/Src/usbd_hid.c ****       }
 288              		.loc 1 435 9 view .LVU77
 435:Middlewares/ST/STM32_USB_Device_Library/Class/HID/Src/usbd_hid.c ****       }
 289              		.loc 1 435 15 is_stmt 0 view .LVU78
 290 0092 CB88     		ldrh	r3, [r1, #6]
 435:Middlewares/ST/STM32_USB_Device_Library/Class/HID/Src/usbd_hid.c ****       }
 291              		.loc 1 435 13 view .LVU79
 292 0094 1A1C     		adds	r2, r3, #0
 293 0096 092B     		cmp	r3, #9
 294 0098 00D9     		bls	.L21
 295 009a 0922     		movs	r2, #9
 296              	.L21:
 297 009c 92B2     		uxth	r2, r2
 298              	.LVL24:
 434:Middlewares/ST/STM32_USB_Device_Library/Class/HID/Src/usbd_hid.c ****         len = MIN(USB_HID_DESC_SIZ , req->wLength);
 299              		.loc 1 434 14 view .LVU80
 300 009e 0849     		ldr	r1, .L26+4
 301              	.LVL25:
 434:Middlewares/ST/STM32_USB_Device_Library/Class/HID/Src/usbd_hid.c ****         len = MIN(USB_HID_DESC_SIZ , req->wLength);
ARM GAS  /tmp/ccxqWp5V.s 			page 17


 302              		.loc 1 434 14 view .LVU81
 303 00a0 ECE7     		b	.L20
 304              	.LVL26:
 305              	.L16:
 445:Middlewares/ST/STM32_USB_Device_Library/Class/HID/Src/usbd_hid.c ****                         (uint8_t *)&hhid->AltSetting,
 306              		.loc 1 445 7 is_stmt 1 view .LVU82
 446:Middlewares/ST/STM32_USB_Device_Library/Class/HID/Src/usbd_hid.c ****                         1);
 307              		.loc 1 446 36 is_stmt 0 view .LVU83
 308 00a2 2900     		movs	r1, r5
 309              	.LVL27:
 446:Middlewares/ST/STM32_USB_Device_Library/Class/HID/Src/usbd_hid.c ****                         1);
 310              		.loc 1 446 36 view .LVU84
 311 00a4 0831     		adds	r1, r1, #8
 445:Middlewares/ST/STM32_USB_Device_Library/Class/HID/Src/usbd_hid.c ****                         (uint8_t *)&hhid->AltSetting,
 312              		.loc 1 445 7 view .LVU85
 313 00a6 0122     		movs	r2, #1
 314 00a8 FFF7FEFF 		bl	USBD_CtlSendData
 315              	.LVL28:
 448:Middlewares/ST/STM32_USB_Device_Library/Class/HID/Src/usbd_hid.c ****       
 316              		.loc 1 448 7 is_stmt 1 view .LVU86
 317 00ac 03E0     		b	.L10
 318              	.LVL29:
 319              	.L17:
 451:Middlewares/ST/STM32_USB_Device_Library/Class/HID/Src/usbd_hid.c ****       break;
 320              		.loc 1 451 7 view .LVU87
 451:Middlewares/ST/STM32_USB_Device_Library/Class/HID/Src/usbd_hid.c ****       break;
 321              		.loc 1 451 26 is_stmt 0 view .LVU88
 322 00ae 8B78     		ldrb	r3, [r1, #2]
 451:Middlewares/ST/STM32_USB_Device_Library/Class/HID/Src/usbd_hid.c ****       break;
 323              		.loc 1 451 24 view .LVU89
 324 00b0 AB60     		str	r3, [r5, #8]
 452:Middlewares/ST/STM32_USB_Device_Library/Class/HID/Src/usbd_hid.c ****     }
 325              		.loc 1 452 7 is_stmt 1 view .LVU90
 326 00b2 00E0     		b	.L10
 327              	.L22:
 390:Middlewares/ST/STM32_USB_Device_Library/Class/HID/Src/usbd_hid.c ****   {
 328              		.loc 1 390 3 is_stmt 0 view .LVU91
 329 00b4 0024     		movs	r4, #0
 330              	.LVL30:
 331              	.L10:
 456:Middlewares/ST/STM32_USB_Device_Library/Class/HID/Src/usbd_hid.c **** 
 332              		.loc 1 456 1 view .LVU92
 333 00b6 2000     		movs	r0, r4
 334              		@ sp needed
 335              	.LVL31:
 456:Middlewares/ST/STM32_USB_Device_Library/Class/HID/Src/usbd_hid.c **** 
 336              		.loc 1 456 1 view .LVU93
 337 00b8 70BD     		pop	{r4, r5, r6, pc}
 338              	.L27:
 339 00ba C046     		.align	2
 340              	.L26:
 341 00bc 00000000 		.word	.LANCHOR2
 342 00c0 00000000 		.word	.LANCHOR3
 343              		.cfi_endproc
 344              	.LFE39:
 346              		.section	.text.USBD_HID_DeInit,"ax",%progbits
 347              		.align	1
ARM GAS  /tmp/ccxqWp5V.s 			page 18


 348              		.syntax unified
 349              		.code	16
 350              		.thumb_func
 351              		.fpu softvfp
 353              	USBD_HID_DeInit:
 354              	.LVL32:
 355              	.LFB38:
 361:Middlewares/ST/STM32_USB_Device_Library/Class/HID/Src/usbd_hid.c ****   /* Close HID EPs */
 356              		.loc 1 361 1 is_stmt 1 view -0
 357              		.cfi_startproc
 358              		@ args = 0, pretend = 0, frame = 0
 359              		@ frame_needed = 0, uses_anonymous_args = 0
 361:Middlewares/ST/STM32_USB_Device_Library/Class/HID/Src/usbd_hid.c ****   /* Close HID EPs */
 360              		.loc 1 361 1 is_stmt 0 view .LVU95
 361 0000 10B5     		push	{r4, lr}
 362              	.LCFI1:
 363              		.cfi_def_cfa_offset 8
 364              		.cfi_offset 4, -8
 365              		.cfi_offset 14, -4
 366 0002 0400     		movs	r4, r0
 363:Middlewares/ST/STM32_USB_Device_Library/Class/HID/Src/usbd_hid.c ****                   HID_EPIN_ADDR);
 367              		.loc 1 363 3 is_stmt 1 view .LVU96
 368 0004 8121     		movs	r1, #129
 369              	.LVL33:
 363:Middlewares/ST/STM32_USB_Device_Library/Class/HID/Src/usbd_hid.c ****                   HID_EPIN_ADDR);
 370              		.loc 1 363 3 is_stmt 0 view .LVU97
 371 0006 FFF7FEFF 		bl	USBD_LL_CloseEP
 372              	.LVL34:
 367:Middlewares/ST/STM32_USB_Device_Library/Class/HID/Src/usbd_hid.c ****   {
 373              		.loc 1 367 3 is_stmt 1 view .LVU98
 367:Middlewares/ST/STM32_USB_Device_Library/Class/HID/Src/usbd_hid.c ****   {
 374              		.loc 1 367 10 is_stmt 0 view .LVU99
 375 000a 8623     		movs	r3, #134
 376 000c 9B00     		lsls	r3, r3, #2
 377 000e E058     		ldr	r0, [r4, r3]
 367:Middlewares/ST/STM32_USB_Device_Library/Class/HID/Src/usbd_hid.c ****   {
 378              		.loc 1 367 5 view .LVU100
 379 0010 0028     		cmp	r0, #0
 380 0012 05D0     		beq	.L29
 369:Middlewares/ST/STM32_USB_Device_Library/Class/HID/Src/usbd_hid.c ****     pdev->pClassData = NULL;
 381              		.loc 1 369 5 is_stmt 1 view .LVU101
 382 0014 FFF7FEFF 		bl	USBD_static_free
 383              	.LVL35:
 370:Middlewares/ST/STM32_USB_Device_Library/Class/HID/Src/usbd_hid.c ****   } 
 384              		.loc 1 370 5 view .LVU102
 370:Middlewares/ST/STM32_USB_Device_Library/Class/HID/Src/usbd_hid.c ****   } 
 385              		.loc 1 370 22 is_stmt 0 view .LVU103
 386 0018 8623     		movs	r3, #134
 387 001a 9B00     		lsls	r3, r3, #2
 388 001c 0022     		movs	r2, #0
 389 001e E250     		str	r2, [r4, r3]
 390              	.L29:
 373:Middlewares/ST/STM32_USB_Device_Library/Class/HID/Src/usbd_hid.c **** }
 391              		.loc 1 373 3 is_stmt 1 view .LVU104
 374:Middlewares/ST/STM32_USB_Device_Library/Class/HID/Src/usbd_hid.c **** 
 392              		.loc 1 374 1 is_stmt 0 view .LVU105
 393 0020 0020     		movs	r0, #0
ARM GAS  /tmp/ccxqWp5V.s 			page 19


 394              		@ sp needed
 395              	.LVL36:
 374:Middlewares/ST/STM32_USB_Device_Library/Class/HID/Src/usbd_hid.c **** 
 396              		.loc 1 374 1 view .LVU106
 397 0022 10BD     		pop	{r4, pc}
 398              		.cfi_endproc
 399              	.LFE38:
 401              		.section	.text.USBD_HID_Init,"ax",%progbits
 402              		.align	1
 403              		.syntax unified
 404              		.code	16
 405              		.thumb_func
 406              		.fpu softvfp
 408              	USBD_HID_Init:
 409              	.LVL37:
 410              	.LFB37:
 330:Middlewares/ST/STM32_USB_Device_Library/Class/HID/Src/usbd_hid.c ****   uint8_t ret = 0;
 411              		.loc 1 330 1 is_stmt 1 view -0
 412              		.cfi_startproc
 413              		@ args = 0, pretend = 0, frame = 0
 414              		@ frame_needed = 0, uses_anonymous_args = 0
 330:Middlewares/ST/STM32_USB_Device_Library/Class/HID/Src/usbd_hid.c ****   uint8_t ret = 0;
 415              		.loc 1 330 1 is_stmt 0 view .LVU108
 416 0000 10B5     		push	{r4, lr}
 417              	.LCFI2:
 418              		.cfi_def_cfa_offset 8
 419              		.cfi_offset 4, -8
 420              		.cfi_offset 14, -4
 421 0002 0400     		movs	r4, r0
 331:Middlewares/ST/STM32_USB_Device_Library/Class/HID/Src/usbd_hid.c ****   
 422              		.loc 1 331 3 is_stmt 1 view .LVU109
 423              	.LVL38:
 334:Middlewares/ST/STM32_USB_Device_Library/Class/HID/Src/usbd_hid.c ****                  HID_EPIN_ADDR,
 424              		.loc 1 334 3 view .LVU110
 425 0004 0523     		movs	r3, #5
 426 0006 0322     		movs	r2, #3
 427 0008 8121     		movs	r1, #129
 428              	.LVL39:
 334:Middlewares/ST/STM32_USB_Device_Library/Class/HID/Src/usbd_hid.c ****                  HID_EPIN_ADDR,
 429              		.loc 1 334 3 is_stmt 0 view .LVU111
 430 000a FFF7FEFF 		bl	USBD_LL_OpenEP
 431              	.LVL40:
 339:Middlewares/ST/STM32_USB_Device_Library/Class/HID/Src/usbd_hid.c ****   
 432              		.loc 1 339 3 is_stmt 1 view .LVU112
 339:Middlewares/ST/STM32_USB_Device_Library/Class/HID/Src/usbd_hid.c ****   
 433              		.loc 1 339 22 is_stmt 0 view .LVU113
 434 000e 1020     		movs	r0, #16
 435 0010 FFF7FEFF 		bl	USBD_static_malloc
 436              	.LVL41:
 339:Middlewares/ST/STM32_USB_Device_Library/Class/HID/Src/usbd_hid.c ****   
 437              		.loc 1 339 20 view .LVU114
 438 0014 8623     		movs	r3, #134
 439 0016 9B00     		lsls	r3, r3, #2
 440 0018 E050     		str	r0, [r4, r3]
 341:Middlewares/ST/STM32_USB_Device_Library/Class/HID/Src/usbd_hid.c ****   {
 441              		.loc 1 341 3 is_stmt 1 view .LVU115
 341:Middlewares/ST/STM32_USB_Device_Library/Class/HID/Src/usbd_hid.c ****   {
ARM GAS  /tmp/ccxqWp5V.s 			page 20


 442              		.loc 1 341 5 is_stmt 0 view .LVU116
 443 001a 0028     		cmp	r0, #0
 444 001c 03D0     		beq	.L32
 347:Middlewares/ST/STM32_USB_Device_Library/Class/HID/Src/usbd_hid.c ****   }
 445              		.loc 1 347 5 is_stmt 1 view .LVU117
 347:Middlewares/ST/STM32_USB_Device_Library/Class/HID/Src/usbd_hid.c ****   }
 446              		.loc 1 347 57 is_stmt 0 view .LVU118
 447 001e 0023     		movs	r3, #0
 448 0020 0373     		strb	r3, [r0, #12]
 331:Middlewares/ST/STM32_USB_Device_Library/Class/HID/Src/usbd_hid.c ****   
 449              		.loc 1 331 11 view .LVU119
 450 0022 0020     		movs	r0, #0
 451              	.L31:
 452              	.LVL42:
 349:Middlewares/ST/STM32_USB_Device_Library/Class/HID/Src/usbd_hid.c **** }
 453              		.loc 1 349 3 is_stmt 1 view .LVU120
 350:Middlewares/ST/STM32_USB_Device_Library/Class/HID/Src/usbd_hid.c **** 
 454              		.loc 1 350 1 is_stmt 0 view .LVU121
 455              		@ sp needed
 456              	.LVL43:
 350:Middlewares/ST/STM32_USB_Device_Library/Class/HID/Src/usbd_hid.c **** 
 457              		.loc 1 350 1 view .LVU122
 458 0024 10BD     		pop	{r4, pc}
 459              	.LVL44:
 460              	.L32:
 343:Middlewares/ST/STM32_USB_Device_Library/Class/HID/Src/usbd_hid.c ****   }
 461              		.loc 1 343 9 view .LVU123
 462 0026 0120     		movs	r0, #1
 463 0028 FCE7     		b	.L31
 464              		.cfi_endproc
 465              	.LFE37:
 467              		.section	.text.USBD_HID_SendReport,"ax",%progbits
 468              		.align	1
 469              		.global	USBD_HID_SendReport
 470              		.syntax unified
 471              		.code	16
 472              		.thumb_func
 473              		.fpu softvfp
 475              	USBD_HID_SendReport:
 476              	.LVL45:
 477              	.LFB40:
 468:Middlewares/ST/STM32_USB_Device_Library/Class/HID/Src/usbd_hid.c ****   USBD_HID_HandleTypeDef     *hhid = (USBD_HID_HandleTypeDef*)pdev->pClassData;
 478              		.loc 1 468 1 is_stmt 1 view -0
 479              		.cfi_startproc
 480              		@ args = 0, pretend = 0, frame = 0
 481              		@ frame_needed = 0, uses_anonymous_args = 0
 468:Middlewares/ST/STM32_USB_Device_Library/Class/HID/Src/usbd_hid.c ****   USBD_HID_HandleTypeDef     *hhid = (USBD_HID_HandleTypeDef*)pdev->pClassData;
 482              		.loc 1 468 1 is_stmt 0 view .LVU125
 483 0000 10B5     		push	{r4, lr}
 484              	.LCFI3:
 485              		.cfi_def_cfa_offset 8
 486              		.cfi_offset 4, -8
 487              		.cfi_offset 14, -4
 469:Middlewares/ST/STM32_USB_Device_Library/Class/HID/Src/usbd_hid.c ****   
 488              		.loc 1 469 3 is_stmt 1 view .LVU126
 469:Middlewares/ST/STM32_USB_Device_Library/Class/HID/Src/usbd_hid.c ****   
 489              		.loc 1 469 31 is_stmt 0 view .LVU127
ARM GAS  /tmp/ccxqWp5V.s 			page 21


 490 0002 8624     		movs	r4, #134
 491 0004 A400     		lsls	r4, r4, #2
 492 0006 0359     		ldr	r3, [r0, r4]
 493              	.LVL46:
 471:Middlewares/ST/STM32_USB_Device_Library/Class/HID/Src/usbd_hid.c ****   {
 494              		.loc 1 471 3 is_stmt 1 view .LVU128
 471:Middlewares/ST/STM32_USB_Device_Library/Class/HID/Src/usbd_hid.c ****   {
 495              		.loc 1 471 11 is_stmt 0 view .LVU129
 496 0008 1C3C     		subs	r4, r4, #28
 497 000a 045D     		ldrb	r4, [r0, r4]
 471:Middlewares/ST/STM32_USB_Device_Library/Class/HID/Src/usbd_hid.c ****   {
 498              		.loc 1 471 6 view .LVU130
 499 000c 032C     		cmp	r4, #3
 500 000e 01D0     		beq	.L35
 501              	.LVL47:
 502              	.L34:
 482:Middlewares/ST/STM32_USB_Device_Library/Class/HID/Src/usbd_hid.c **** }
 503              		.loc 1 482 3 is_stmt 1 view .LVU131
 483:Middlewares/ST/STM32_USB_Device_Library/Class/HID/Src/usbd_hid.c **** 
 504              		.loc 1 483 1 is_stmt 0 view .LVU132
 505 0010 0020     		movs	r0, #0
 506              		@ sp needed
 507 0012 10BD     		pop	{r4, pc}
 508              	.LVL48:
 509              	.L35:
 473:Middlewares/ST/STM32_USB_Device_Library/Class/HID/Src/usbd_hid.c ****     {
 510              		.loc 1 473 5 is_stmt 1 view .LVU133
 473:Middlewares/ST/STM32_USB_Device_Library/Class/HID/Src/usbd_hid.c ****     {
 511              		.loc 1 473 12 is_stmt 0 view .LVU134
 512 0014 1C7B     		ldrb	r4, [r3, #12]
 473:Middlewares/ST/STM32_USB_Device_Library/Class/HID/Src/usbd_hid.c ****     {
 513              		.loc 1 473 7 view .LVU135
 514 0016 002C     		cmp	r4, #0
 515 0018 FAD1     		bne	.L34
 475:Middlewares/ST/STM32_USB_Device_Library/Class/HID/Src/usbd_hid.c ****       USBD_LL_Transmit (pdev, 
 516              		.loc 1 475 7 is_stmt 1 view .LVU136
 475:Middlewares/ST/STM32_USB_Device_Library/Class/HID/Src/usbd_hid.c ****       USBD_LL_Transmit (pdev, 
 517              		.loc 1 475 19 is_stmt 0 view .LVU137
 518 001a 0134     		adds	r4, r4, #1
 519 001c 1C73     		strb	r4, [r3, #12]
 476:Middlewares/ST/STM32_USB_Device_Library/Class/HID/Src/usbd_hid.c ****                         HID_EPIN_ADDR,                                      
 520              		.loc 1 476 7 is_stmt 1 view .LVU138
 521 001e 1300     		movs	r3, r2
 522              	.LVL49:
 476:Middlewares/ST/STM32_USB_Device_Library/Class/HID/Src/usbd_hid.c ****                         HID_EPIN_ADDR,                                      
 523              		.loc 1 476 7 is_stmt 0 view .LVU139
 524 0020 0A00     		movs	r2, r1
 525              	.LVL50:
 476:Middlewares/ST/STM32_USB_Device_Library/Class/HID/Src/usbd_hid.c ****                         HID_EPIN_ADDR,                                      
 526              		.loc 1 476 7 view .LVU140
 527 0022 8121     		movs	r1, #129
 528              	.LVL51:
 476:Middlewares/ST/STM32_USB_Device_Library/Class/HID/Src/usbd_hid.c ****                         HID_EPIN_ADDR,                                      
 529              		.loc 1 476 7 view .LVU141
 530 0024 FFF7FEFF 		bl	USBD_LL_Transmit
 531              	.LVL52:
 476:Middlewares/ST/STM32_USB_Device_Library/Class/HID/Src/usbd_hid.c ****                         HID_EPIN_ADDR,                                      
ARM GAS  /tmp/ccxqWp5V.s 			page 22


 532              		.loc 1 476 7 view .LVU142
 533 0028 F2E7     		b	.L34
 534              		.cfi_endproc
 535              	.LFE40:
 537              		.section	.text.USBD_HID_GetPollingInterval,"ax",%progbits
 538              		.align	1
 539              		.global	USBD_HID_GetPollingInterval
 540              		.syntax unified
 541              		.code	16
 542              		.thumb_func
 543              		.fpu softvfp
 545              	USBD_HID_GetPollingInterval:
 546              	.LVL53:
 547              	.LFB41:
 492:Middlewares/ST/STM32_USB_Device_Library/Class/HID/Src/usbd_hid.c ****   uint32_t polling_interval = 0;
 548              		.loc 1 492 1 is_stmt 1 view -0
 549              		.cfi_startproc
 550              		@ args = 0, pretend = 0, frame = 0
 551              		@ frame_needed = 0, uses_anonymous_args = 0
 552              		@ link register save eliminated.
 493:Middlewares/ST/STM32_USB_Device_Library/Class/HID/Src/usbd_hid.c **** 
 553              		.loc 1 493 3 view .LVU144
 496:Middlewares/ST/STM32_USB_Device_Library/Class/HID/Src/usbd_hid.c ****   {
 554              		.loc 1 496 3 view .LVU145
 496:Middlewares/ST/STM32_USB_Device_Library/Class/HID/Src/usbd_hid.c ****   {
 555              		.loc 1 496 10 is_stmt 0 view .LVU146
 556 0000 037C     		ldrb	r3, [r0, #16]
 496:Middlewares/ST/STM32_USB_Device_Library/Class/HID/Src/usbd_hid.c ****   {
 557              		.loc 1 496 5 view .LVU147
 558 0002 002B     		cmp	r3, #0
 559 0004 01D1     		bne	.L38
 501:Middlewares/ST/STM32_USB_Device_Library/Class/HID/Src/usbd_hid.c ****   }
 560              		.loc 1 501 22 view .LVU148
 561 0006 0820     		movs	r0, #8
 562              	.LVL54:
 563              	.L36:
 511:Middlewares/ST/STM32_USB_Device_Library/Class/HID/Src/usbd_hid.c **** 
 564              		.loc 1 511 1 view .LVU149
 565              		@ sp needed
 566 0008 7047     		bx	lr
 567              	.LVL55:
 568              	.L38:
 507:Middlewares/ST/STM32_USB_Device_Library/Class/HID/Src/usbd_hid.c ****   }
 569              		.loc 1 507 22 view .LVU150
 570 000a 0A20     		movs	r0, #10
 571              	.LVL56:
 510:Middlewares/ST/STM32_USB_Device_Library/Class/HID/Src/usbd_hid.c **** }
 572              		.loc 1 510 3 is_stmt 1 view .LVU151
 510:Middlewares/ST/STM32_USB_Device_Library/Class/HID/Src/usbd_hid.c **** }
 573              		.loc 1 510 11 is_stmt 0 view .LVU152
 574 000c FCE7     		b	.L36
 575              		.cfi_endproc
 576              	.LFE41:
 578              		.global	USBD_HID
 579              		.section	.data.HID_CUSTOM_ReportDesc,"aw"
 580              		.align	2
 581              		.set	.LANCHOR2,. + 0
ARM GAS  /tmp/ccxqWp5V.s 			page 23


 584              	HID_CUSTOM_ReportDesc:
 585 0000 05010906 		.ascii	"\005\001\011\006\241\001\205\001\005\007u\001\225\010"
 585      A1018501 
 585      05077501 
 585      9508
 586 000e 19E029E7 		.ascii	"\031\340)\347\025\000%\001\201\002\225\003u\010\025"
 586      15002501 
 586      81029503 
 586      750815
 587 001d 00256405 		.ascii	"\000%d\005\007\031\000)e\201\000\300\005\014\011\001"
 587      07190029 
 587      658100C0 
 587      050C0901 
 588 002d A1018502 		.ascii	"\241\001\205\002\005\014\025\000%\001u\001\225\010\011"
 588      050C1500 
 588      25017501 
 588      950809
 589 003c B509B609 		.ascii	"\265\011\266\011\267\011\270\011\315\011\342\011\351"
 589      B709B809 
 589      CD09E209 
 589      E9
 590 0049 09EA8102 		.ascii	"\011\352\201\002\300"
 590      C0
 591              		.section	.data.USBD_HID,"aw"
 592              		.align	2
 595              	USBD_HID:
 596 0000 00000000 		.word	USBD_HID_Init
 597 0004 00000000 		.word	USBD_HID_DeInit
 598 0008 00000000 		.word	USBD_HID_Setup
 599 000c 00000000 		.word	0
 600 0010 00000000 		.word	0
 601 0014 00000000 		.word	USBD_HID_DataIn
 602 0018 00000000 		.word	0
 603 001c 00000000 		.word	0
 604 0020 00000000 		.word	0
 605 0024 00000000 		.word	0
 606 0028 00000000 		.word	USBD_HID_GetCfgDesc
 607 002c 00000000 		.word	USBD_HID_GetCfgDesc
 608 0030 00000000 		.word	USBD_HID_GetCfgDesc
 609 0034 00000000 		.word	USBD_HID_GetDeviceQualifierDesc
 610              		.section	.data.USBD_HID_CfgDesc,"aw"
 611              		.align	2
 612              		.set	.LANCHOR0,. + 0
 615              	USBD_HID_CfgDesc:
 616 0000 09022200 		.ascii	"\011\002\"\000\001\001\000\3402\011\004\000\000\001"
 616      010100E0 
 616      32090400 
 616      0001
 617 000e 03000100 		.ascii	"\003\000\001\000\011!\021\001\000\001\"N\000\007\005"
 617      09211101 
 617      0001224E 
 617      000705
 618 001d 81030500 		.ascii	"\201\003\005\000\012"
 618      0A
 619              		.section	.data.USBD_HID_Desc,"aw"
 620              		.align	2
 621              		.set	.LANCHOR3,. + 0
ARM GAS  /tmp/ccxqWp5V.s 			page 24


 624              	USBD_HID_Desc:
 625 0000 09211101 		.ascii	"\011!\021\001\000\001\"N\000"
 625      0001224E 
 625      00
 626              		.section	.data.USBD_HID_DeviceQualifierDesc,"aw"
 627              		.align	2
 628              		.set	.LANCHOR1,. + 0
 631              	USBD_HID_DeviceQualifierDesc:
 632 0000 0A060002 		.ascii	"\012\006\000\002\000\000\000@\001\000"
 632      00000040 
 632      0100
 633              		.text
 634              	.Letext0:
 635              		.file 2 "/usr/arm-none-eabi/include/machine/_default_types.h"
 636              		.file 3 "/usr/arm-none-eabi/include/sys/lock.h"
 637              		.file 4 "/usr/arm-none-eabi/include/sys/_types.h"
 638              		.file 5 "/usr/lib/gcc/arm-none-eabi/9.1.0/include/stddef.h"
 639              		.file 6 "/usr/arm-none-eabi/include/sys/reent.h"
 640              		.file 7 "/usr/arm-none-eabi/include/sys/_stdint.h"
 641              		.file 8 "/usr/arm-none-eabi/include/stdlib.h"
 642              		.file 9 "Drivers/CMSIS/Device/ST/STM32F0xx/Include/system_stm32f0xx.h"
 643              		.file 10 "Middlewares/ST/STM32_USB_Device_Library/Core/Inc/usbd_def.h"
 644              		.file 11 "Middlewares/ST/STM32_USB_Device_Library/Class/HID/Inc/usbd_hid.h"
 645              		.file 12 "Inc/usbd_desc.h"
 646              		.file 13 "Middlewares/ST/STM32_USB_Device_Library/Core/Inc/usbd_core.h"
 647              		.file 14 "Middlewares/ST/STM32_USB_Device_Library/Core/Inc/usbd_ioreq.h"
 648              		.file 15 "Middlewares/ST/STM32_USB_Device_Library/Core/Inc/usbd_ctlreq.h"
 649              		.file 16 "Inc/usbd_conf.h"
ARM GAS  /tmp/ccxqWp5V.s 			page 25


DEFINED SYMBOLS
                            *ABS*:0000000000000000 usbd_hid.c
     /tmp/ccxqWp5V.s:16     .text.USBD_HID_GetCfgDesc:0000000000000000 $t
     /tmp/ccxqWp5V.s:23     .text.USBD_HID_GetCfgDesc:0000000000000000 USBD_HID_GetCfgDesc
     /tmp/ccxqWp5V.s:46     .text.USBD_HID_GetCfgDesc:0000000000000008 $d
     /tmp/ccxqWp5V.s:51     .text.USBD_HID_DataIn:0000000000000000 $t
     /tmp/ccxqWp5V.s:57     .text.USBD_HID_DataIn:0000000000000000 USBD_HID_DataIn
     /tmp/ccxqWp5V.s:84     .text.USBD_HID_GetDeviceQualifierDesc:0000000000000000 $t
     /tmp/ccxqWp5V.s:90     .text.USBD_HID_GetDeviceQualifierDesc:0000000000000000 USBD_HID_GetDeviceQualifierDesc
     /tmp/ccxqWp5V.s:112    .text.USBD_HID_GetDeviceQualifierDesc:0000000000000008 $d
     /tmp/ccxqWp5V.s:117    .text.USBD_HID_Setup:0000000000000000 $t
     /tmp/ccxqWp5V.s:123    .text.USBD_HID_Setup:0000000000000000 USBD_HID_Setup
     /tmp/ccxqWp5V.s:341    .text.USBD_HID_Setup:00000000000000bc $d
     /tmp/ccxqWp5V.s:347    .text.USBD_HID_DeInit:0000000000000000 $t
     /tmp/ccxqWp5V.s:353    .text.USBD_HID_DeInit:0000000000000000 USBD_HID_DeInit
     /tmp/ccxqWp5V.s:402    .text.USBD_HID_Init:0000000000000000 $t
     /tmp/ccxqWp5V.s:408    .text.USBD_HID_Init:0000000000000000 USBD_HID_Init
     /tmp/ccxqWp5V.s:468    .text.USBD_HID_SendReport:0000000000000000 $t
     /tmp/ccxqWp5V.s:475    .text.USBD_HID_SendReport:0000000000000000 USBD_HID_SendReport
     /tmp/ccxqWp5V.s:538    .text.USBD_HID_GetPollingInterval:0000000000000000 $t
     /tmp/ccxqWp5V.s:545    .text.USBD_HID_GetPollingInterval:0000000000000000 USBD_HID_GetPollingInterval
     /tmp/ccxqWp5V.s:595    .data.USBD_HID:0000000000000000 USBD_HID
     /tmp/ccxqWp5V.s:580    .data.HID_CUSTOM_ReportDesc:0000000000000000 $d
     /tmp/ccxqWp5V.s:584    .data.HID_CUSTOM_ReportDesc:0000000000000000 HID_CUSTOM_ReportDesc
     /tmp/ccxqWp5V.s:592    .data.USBD_HID:0000000000000000 $d
     /tmp/ccxqWp5V.s:611    .data.USBD_HID_CfgDesc:0000000000000000 $d
     /tmp/ccxqWp5V.s:615    .data.USBD_HID_CfgDesc:0000000000000000 USBD_HID_CfgDesc
     /tmp/ccxqWp5V.s:620    .data.USBD_HID_Desc:0000000000000000 $d
     /tmp/ccxqWp5V.s:624    .data.USBD_HID_Desc:0000000000000000 USBD_HID_Desc
     /tmp/ccxqWp5V.s:627    .data.USBD_HID_DeviceQualifierDesc:0000000000000000 $d
     /tmp/ccxqWp5V.s:631    .data.USBD_HID_DeviceQualifierDesc:0000000000000000 USBD_HID_DeviceQualifierDesc

UNDEFINED SYMBOLS
USBD_CtlSendData
USBD_CtlError
USBD_LL_CloseEP
USBD_static_free
USBD_LL_OpenEP
USBD_static_malloc
USBD_LL_Transmit
